[1.779s] DEBUG:colcon:Command line arguments: ['/home/tada/.local/bin/colcon', 'build']
[1.779s] DEBUG:colcon:Parsed command line arguments: Namespace(allow_overriding=[], ament_cmake_args=None, base_paths=['.'], build_base='build', catkin_cmake_args=None, catkin_skip_building_tests=False, cmake_args=None, cmake_clean_cache=False, cmake_clean_first=False, cmake_force_configure=False, cmake_target=None, cmake_target_skip_unavailable=False, continue_on_error=False, event_handlers=None, executor='parallel', ignore_user_meta=False, install_base='install', log_base=None, log_level=None, main=<bound method BuildVerb.main of <colcon_core.verb.build.BuildVerb object at 0xffffae2e9460>>, merge_install=False, metas=['./colcon.meta'], packages_above=None, packages_above_and_dependencies=None, packages_above_depth=None, packages_end=None, packages_ignore=None, packages_ignore_regex=None, packages_select=None, packages_select_build_failed=False, packages_select_by_dep=None, packages_select_regex=None, packages_select_test_failures=False, packages_skip=None, packages_skip_build_finished=False, packages_skip_by_dep=None, packages_skip_regex=None, packages_skip_test_passed=False, packages_skip_up_to=None, packages_start=None, packages_up_to=None, packages_up_to_regex=None, parallel_workers=4, paths=None, symlink_install=False, test_result_base=None, verb_extension=<colcon_core.verb.build.BuildVerb object at 0xffffae2e9460>, verb_name='build', verb_parser=<colcon_defaults.argument_parser.defaults.DefaultArgumentsDecorator object at 0xffffae2e9970>)
[2.334s] Level 1:colcon.colcon_core.package_discovery:discover_packages(colcon_meta) check parameters
[2.334s] Level 1:colcon.colcon_core.package_discovery:discover_packages(recursive) check parameters
[2.334s] Level 1:colcon.colcon_core.package_discovery:discover_packages(ignore) check parameters
[2.335s] Level 1:colcon.colcon_core.package_discovery:discover_packages(path) check parameters
[2.335s] Level 1:colcon.colcon_core.package_discovery:discover_packages(colcon_meta) discover
[2.335s] Level 1:colcon.colcon_core.package_discovery:discover_packages(recursive) discover
[2.335s] INFO:colcon.colcon_core.package_discovery:Crawling recursively for packages in '/home/tada/Repository/f1tenth_tada/labs/lab1_ws'
[2.336s] Level 1:colcon.colcon_core.package_identification:_identify(.) by extensions ['ignore', 'ignore_ament_install']
[2.337s] Level 1:colcon.colcon_core.package_identification:_identify(.) by extension 'ignore'
[2.337s] Level 1:colcon.colcon_core.package_identification:_identify(.) by extension 'ignore_ament_install'
[2.337s] Level 1:colcon.colcon_core.package_identification:_identify(.) by extensions ['colcon_pkg']
[2.338s] Level 1:colcon.colcon_core.package_identification:_identify(.) by extension 'colcon_pkg'
[2.338s] Level 1:colcon.colcon_core.package_identification:_identify(.) by extensions ['colcon_meta']
[2.338s] Level 1:colcon.colcon_core.package_identification:_identify(.) by extension 'colcon_meta'
[2.338s] Level 1:colcon.colcon_core.package_identification:_identify(.) by extensions ['ros']
[2.338s] Level 1:colcon.colcon_core.package_identification:_identify(.) by extension 'ros'
[2.525s] Level 1:colcon.colcon_core.package_identification:_identify(.) by extensions ['cmake', 'python']
[2.526s] Level 1:colcon.colcon_core.package_identification:_identify(.) by extension 'cmake'
[2.526s] Level 1:colcon.colcon_core.package_identification:_identify(.) by extension 'python'
[2.526s] Level 1:colcon.colcon_core.package_identification:_identify(.) by extensions ['python_setup_py']
[2.526s] Level 1:colcon.colcon_core.package_identification:_identify(.) by extension 'python_setup_py'
[2.527s] Level 1:colcon.colcon_core.package_identification:_identify(build) by extensions ['ignore', 'ignore_ament_install']
[2.527s] Level 1:colcon.colcon_core.package_identification:_identify(build) by extension 'ignore'
[2.527s] Level 1:colcon.colcon_core.package_identification:_identify(build) ignored
[2.528s] Level 1:colcon.colcon_core.package_identification:_identify(install) by extensions ['ignore', 'ignore_ament_install']
[2.528s] Level 1:colcon.colcon_core.package_identification:_identify(install) by extension 'ignore'
[2.529s] Level 1:colcon.colcon_core.package_identification:_identify(install) ignored
[2.529s] Level 1:colcon.colcon_core.package_identification:_identify(log) by extensions ['ignore', 'ignore_ament_install']
[2.529s] Level 1:colcon.colcon_core.package_identification:_identify(log) by extension 'ignore'
[2.530s] Level 1:colcon.colcon_core.package_identification:_identify(log) ignored
[2.530s] Level 1:colcon.colcon_core.package_identification:_identify(src) by extensions ['ignore', 'ignore_ament_install']
[2.530s] Level 1:colcon.colcon_core.package_identification:_identify(src) by extension 'ignore'
[2.530s] Level 1:colcon.colcon_core.package_identification:_identify(src) by extension 'ignore_ament_install'
[2.531s] Level 1:colcon.colcon_core.package_identification:_identify(src) by extensions ['colcon_pkg']
[2.531s] Level 1:colcon.colcon_core.package_identification:_identify(src) by extension 'colcon_pkg'
[2.531s] Level 1:colcon.colcon_core.package_identification:_identify(src) by extensions ['colcon_meta']
[2.531s] Level 1:colcon.colcon_core.package_identification:_identify(src) by extension 'colcon_meta'
[2.531s] Level 1:colcon.colcon_core.package_identification:_identify(src) by extensions ['ros']
[2.532s] Level 1:colcon.colcon_core.package_identification:_identify(src) by extension 'ros'
[2.532s] Level 1:colcon.colcon_core.package_identification:_identify(src) by extensions ['cmake', 'python']
[2.532s] Level 1:colcon.colcon_core.package_identification:_identify(src) by extension 'cmake'
[2.532s] Level 1:colcon.colcon_core.package_identification:_identify(src) by extension 'python'
[2.533s] Level 1:colcon.colcon_core.package_identification:_identify(src) by extensions ['python_setup_py']
[2.533s] Level 1:colcon.colcon_core.package_identification:_identify(src) by extension 'python_setup_py'
[2.533s] Level 1:colcon.colcon_core.package_identification:_identify(src/build) by extensions ['ignore', 'ignore_ament_install']
[2.534s] Level 1:colcon.colcon_core.package_identification:_identify(src/build) by extension 'ignore'
[2.534s] Level 1:colcon.colcon_core.package_identification:_identify(src/build) ignored
[2.534s] Level 1:colcon.colcon_core.package_identification:_identify(src/install) by extensions ['ignore', 'ignore_ament_install']
[2.534s] Level 1:colcon.colcon_core.package_identification:_identify(src/install) by extension 'ignore'
[2.535s] Level 1:colcon.colcon_core.package_identification:_identify(src/install) ignored
[2.535s] Level 1:colcon.colcon_core.package_identification:_identify(src/lab1_pkg) by extensions ['ignore', 'ignore_ament_install']
[2.535s] Level 1:colcon.colcon_core.package_identification:_identify(src/lab1_pkg) by extension 'ignore'
[2.536s] Level 1:colcon.colcon_core.package_identification:_identify(src/lab1_pkg) by extension 'ignore_ament_install'
[2.536s] Level 1:colcon.colcon_core.package_identification:_identify(src/lab1_pkg) by extensions ['colcon_pkg']
[2.536s] Level 1:colcon.colcon_core.package_identification:_identify(src/lab1_pkg) by extension 'colcon_pkg'
[2.536s] Level 1:colcon.colcon_core.package_identification:_identify(src/lab1_pkg) by extensions ['colcon_meta']
[2.536s] Level 1:colcon.colcon_core.package_identification:_identify(src/lab1_pkg) by extension 'colcon_meta'
[2.537s] Level 1:colcon.colcon_core.package_identification:_identify(src/lab1_pkg) by extensions ['ros']
[2.537s] Level 1:colcon.colcon_core.package_identification:_identify(src/lab1_pkg) by extension 'ros'
[2.548s] DEBUG:colcon.colcon_core.package_identification:Package 'src/lab1_pkg' with type 'ros.ament_cmake' and name 'lab1_pkg'
[2.549s] Level 1:colcon.colcon_core.package_identification:_identify(src/log) by extensions ['ignore', 'ignore_ament_install']
[2.549s] Level 1:colcon.colcon_core.package_identification:_identify(src/log) by extension 'ignore'
[2.549s] Level 1:colcon.colcon_core.package_identification:_identify(src/log) ignored
[2.549s] Level 1:colcon.colcon_core.package_discovery:discover_packages(recursive) using defaults
[2.549s] Level 1:colcon.colcon_core.package_discovery:discover_packages(ignore) discover
[2.550s] Level 1:colcon.colcon_core.package_discovery:discover_packages(ignore) using defaults
[2.550s] Level 1:colcon.colcon_core.package_discovery:discover_packages(path) discover
[2.550s] Level 1:colcon.colcon_core.package_discovery:discover_packages(path) using defaults
[2.752s] Level 1:colcon.colcon_core.package_discovery:discover_packages(prefix_path) check parameters
[2.752s] Level 1:colcon.colcon_core.package_discovery:discover_packages(prefix_path) discover
[2.764s] DEBUG:colcon.colcon_installed_package_information.package_discovery:Found 265 installed packages in /opt/ros/foxy
[2.771s] Level 1:colcon.colcon_core.package_discovery:discover_packages(prefix_path) using defaults
[3.022s] Level 5:colcon.colcon_core.verb:set package 'lab1_pkg' build argument 'cmake_args' from command line to 'None'
[3.022s] Level 5:colcon.colcon_core.verb:set package 'lab1_pkg' build argument 'cmake_target' from command line to 'None'
[3.023s] Level 5:colcon.colcon_core.verb:set package 'lab1_pkg' build argument 'cmake_target_skip_unavailable' from command line to 'False'
[3.023s] Level 5:colcon.colcon_core.verb:set package 'lab1_pkg' build argument 'cmake_clean_cache' from command line to 'False'
[3.023s] Level 5:colcon.colcon_core.verb:set package 'lab1_pkg' build argument 'cmake_clean_first' from command line to 'False'
[3.023s] Level 5:colcon.colcon_core.verb:set package 'lab1_pkg' build argument 'cmake_force_configure' from command line to 'False'
[3.023s] Level 5:colcon.colcon_core.verb:set package 'lab1_pkg' build argument 'ament_cmake_args' from command line to 'None'
[3.023s] Level 5:colcon.colcon_core.verb:set package 'lab1_pkg' build argument 'catkin_cmake_args' from command line to 'None'
[3.023s] Level 5:colcon.colcon_core.verb:set package 'lab1_pkg' build argument 'catkin_skip_building_tests' from command line to 'False'
[3.024s] DEBUG:colcon.colcon_core.verb:Building package 'lab1_pkg' with the following arguments: {'ament_cmake_args': None, 'build_base': '/home/tada/Repository/f1tenth_tada/labs/lab1_ws/build/lab1_pkg', 'catkin_cmake_args': None, 'catkin_skip_building_tests': False, 'cmake_args': None, 'cmake_clean_cache': False, 'cmake_clean_first': False, 'cmake_force_configure': False, 'cmake_target': None, 'cmake_target_skip_unavailable': False, 'install_base': '/home/tada/Repository/f1tenth_tada/labs/lab1_ws/install/lab1_pkg', 'merge_install': False, 'path': '/home/tada/Repository/f1tenth_tada/labs/lab1_ws/src/lab1_pkg', 'symlink_install': False, 'test_result_base': None}
[3.024s] INFO:colcon.colcon_core.executor:Executing jobs using 'parallel' executor
[3.029s] DEBUG:colcon.colcon_parallel_executor.executor.parallel:run_until_complete
[3.030s] INFO:colcon.colcon_ros.task.ament_cmake.build:Building ROS package in '/home/tada/Repository/f1tenth_tada/labs/lab1_ws/src/lab1_pkg' with build type 'ament_cmake'
[3.031s] INFO:colcon.colcon_cmake.task.cmake.build:Building CMake package in '/home/tada/Repository/f1tenth_tada/labs/lab1_ws/src/lab1_pkg'
[3.041s] INFO:colcon.colcon_core.plugin_system:Skipping extension 'colcon_core.shell.bat': Not used on non-Windows systems
[3.042s] INFO:colcon.colcon_core.shell:Skip shell extension 'powershell' for command environment: Not usable outside of PowerShell
[3.042s] DEBUG:colcon.colcon_core.shell:Skip shell extension 'dsv' for command environment
[3.227s] DEBUG:colcon.colcon_core.event_handler.log_command:Invoking command in '/home/tada/Repository/f1tenth_tada/labs/lab1_ws/build/lab1_pkg': CMAKE_PREFIX_PATH=/opt/ros/foxy /usr/bin/cmake --build /home/tada/Repository/f1tenth_tada/labs/lab1_ws/build/lab1_pkg -- -j4 -l4
[3.687s] DEBUG:colcon.colcon_core.event_handler.log_command:Invoked command in '/home/tada/Repository/f1tenth_tada/labs/lab1_ws/build/lab1_pkg' returned '0': CMAKE_PREFIX_PATH=/opt/ros/foxy /usr/bin/cmake --build /home/tada/Repository/f1tenth_tada/labs/lab1_ws/build/lab1_pkg -- -j4 -l4
[3.749s] DEBUG:colcon.colcon_core.event_handler.log_command:Invoking command in '/home/tada/Repository/f1tenth_tada/labs/lab1_ws/build/lab1_pkg': CMAKE_PREFIX_PATH=/opt/ros/foxy /usr/bin/cmake --install /home/tada/Repository/f1tenth_tada/labs/lab1_ws/build/lab1_pkg
[3.949s] Level 1:colcon.colcon_core.environment:create_environment_scripts_only(lab1_pkg)
[3.954s] DEBUG:colcon.colcon_core.event_handler.log_command:Invoked command in '/home/tada/Repository/f1tenth_tada/labs/lab1_ws/build/lab1_pkg' returned '0': CMAKE_PREFIX_PATH=/opt/ros/foxy /usr/bin/cmake --install /home/tada/Repository/f1tenth_tada/labs/lab1_ws/build/lab1_pkg
[3.968s] Level 1:colcon.colcon_core.environment:checking '/home/tada/Repository/f1tenth_tada/labs/lab1_ws/install/lab1_pkg' for CMake module files
[3.971s] Level 1:colcon.colcon_core.environment:checking '/home/tada/Repository/f1tenth_tada/labs/lab1_ws/install/lab1_pkg' for CMake config files
[3.973s] Level 1:colcon.colcon_core.shell:create_environment_hook('lab1_pkg', 'cmake_prefix_path')
[3.974s] INFO:colcon.colcon_core.shell:Creating environment hook '/home/tada/Repository/f1tenth_tada/labs/lab1_ws/install/lab1_pkg/share/lab1_pkg/hook/cmake_prefix_path.ps1'
[3.979s] INFO:colcon.colcon_core.shell:Creating environment descriptor '/home/tada/Repository/f1tenth_tada/labs/lab1_ws/install/lab1_pkg/share/lab1_pkg/hook/cmake_prefix_path.dsv'
[3.982s] INFO:colcon.colcon_core.shell:Creating environment hook '/home/tada/Repository/f1tenth_tada/labs/lab1_ws/install/lab1_pkg/share/lab1_pkg/hook/cmake_prefix_path.sh'
[3.990s] Level 1:colcon.colcon_core.environment:checking '/home/tada/Repository/f1tenth_tada/labs/lab1_ws/install/lab1_pkg/lib'
[3.991s] Level 1:colcon.colcon_core.environment:checking '/home/tada/Repository/f1tenth_tada/labs/lab1_ws/install/lab1_pkg/bin'
[3.991s] Level 1:colcon.colcon_core.environment:checking '/home/tada/Repository/f1tenth_tada/labs/lab1_ws/install/lab1_pkg/lib/pkgconfig/lab1_pkg.pc'
[3.993s] Level 1:colcon.colcon_core.environment:checking '/home/tada/Repository/f1tenth_tada/labs/lab1_ws/install/lab1_pkg/lib/python3.8/site-packages'
[3.994s] Level 1:colcon.colcon_core.shell:create_environment_hook('lab1_pkg', 'pythonpath')
[3.995s] INFO:colcon.colcon_core.shell:Creating environment hook '/home/tada/Repository/f1tenth_tada/labs/lab1_ws/install/lab1_pkg/share/lab1_pkg/hook/pythonpath.ps1'
[3.997s] INFO:colcon.colcon_core.shell:Creating environment descriptor '/home/tada/Repository/f1tenth_tada/labs/lab1_ws/install/lab1_pkg/share/lab1_pkg/hook/pythonpath.dsv'
[3.999s] INFO:colcon.colcon_core.shell:Creating environment hook '/home/tada/Repository/f1tenth_tada/labs/lab1_ws/install/lab1_pkg/share/lab1_pkg/hook/pythonpath.sh'
[4.001s] Level 1:colcon.colcon_core.environment:checking '/home/tada/Repository/f1tenth_tada/labs/lab1_ws/install/lab1_pkg/bin'
[4.004s] INFO:colcon.colcon_core.shell:Creating package script '/home/tada/Repository/f1tenth_tada/labs/lab1_ws/install/lab1_pkg/share/lab1_pkg/package.ps1'
[4.009s] INFO:colcon.colcon_core.shell:Creating package descriptor '/home/tada/Repository/f1tenth_tada/labs/lab1_ws/install/lab1_pkg/share/lab1_pkg/package.dsv'
[4.012s] INFO:colcon.colcon_core.shell:Creating package script '/home/tada/Repository/f1tenth_tada/labs/lab1_ws/install/lab1_pkg/share/lab1_pkg/package.sh'
[4.015s] INFO:colcon.colcon_core.shell:Creating package script '/home/tada/Repository/f1tenth_tada/labs/lab1_ws/install/lab1_pkg/share/lab1_pkg/package.bash'
[4.019s] INFO:colcon.colcon_core.shell:Creating package script '/home/tada/Repository/f1tenth_tada/labs/lab1_ws/install/lab1_pkg/share/lab1_pkg/package.zsh'
[4.022s] Level 1:colcon.colcon_core.environment:create_file_with_runtime_dependencies(/home/tada/Repository/f1tenth_tada/labs/lab1_ws/install/lab1_pkg/share/colcon-core/packages/lab1_pkg)
[4.026s] Level 1:colcon.colcon_core.environment:create_environment_scripts_only(lab1_pkg)
[4.028s] Level 1:colcon.colcon_core.environment:checking '/home/tada/Repository/f1tenth_tada/labs/lab1_ws/install/lab1_pkg' for CMake module files
[4.031s] Level 1:colcon.colcon_core.environment:checking '/home/tada/Repository/f1tenth_tada/labs/lab1_ws/install/lab1_pkg' for CMake config files
[4.032s] Level 1:colcon.colcon_core.shell:create_environment_hook('lab1_pkg', 'cmake_prefix_path')
[4.033s] INFO:colcon.colcon_core.shell:Creating environment hook '/home/tada/Repository/f1tenth_tada/labs/lab1_ws/install/lab1_pkg/share/lab1_pkg/hook/cmake_prefix_path.ps1'
[4.078s] INFO:colcon.colcon_core.shell:Creating environment descriptor '/home/tada/Repository/f1tenth_tada/labs/lab1_ws/install/lab1_pkg/share/lab1_pkg/hook/cmake_prefix_path.dsv'
[4.081s] INFO:colcon.colcon_core.shell:Creating environment hook '/home/tada/Repository/f1tenth_tada/labs/lab1_ws/install/lab1_pkg/share/lab1_pkg/hook/cmake_prefix_path.sh'
[4.084s] Level 1:colcon.colcon_core.environment:checking '/home/tada/Repository/f1tenth_tada/labs/lab1_ws/install/lab1_pkg/lib'
[4.084s] Level 1:colcon.colcon_core.environment:checking '/home/tada/Repository/f1tenth_tada/labs/lab1_ws/install/lab1_pkg/bin'
[4.085s] Level 1:colcon.colcon_core.environment:checking '/home/tada/Repository/f1tenth_tada/labs/lab1_ws/install/lab1_pkg/lib/pkgconfig/lab1_pkg.pc'
[4.086s] Level 1:colcon.colcon_core.environment:checking '/home/tada/Repository/f1tenth_tada/labs/lab1_ws/install/lab1_pkg/lib/python3.8/site-packages'
[4.086s] Level 1:colcon.colcon_core.shell:create_environment_hook('lab1_pkg', 'pythonpath')
[4.087s] INFO:colcon.colcon_core.shell:Creating environment hook '/home/tada/Repository/f1tenth_tada/labs/lab1_ws/install/lab1_pkg/share/lab1_pkg/hook/pythonpath.ps1'
[4.089s] INFO:colcon.colcon_core.shell:Creating environment descriptor '/home/tada/Repository/f1tenth_tada/labs/lab1_ws/install/lab1_pkg/share/lab1_pkg/hook/pythonpath.dsv'
[4.093s] INFO:colcon.colcon_core.shell:Creating environment hook '/home/tada/Repository/f1tenth_tada/labs/lab1_ws/install/lab1_pkg/share/lab1_pkg/hook/pythonpath.sh'
[4.097s] Level 1:colcon.colcon_core.environment:checking '/home/tada/Repository/f1tenth_tada/labs/lab1_ws/install/lab1_pkg/bin'
[4.098s] INFO:colcon.colcon_core.shell:Creating package script '/home/tada/Repository/f1tenth_tada/labs/lab1_ws/install/lab1_pkg/share/lab1_pkg/package.ps1'
[4.102s] INFO:colcon.colcon_core.shell:Creating package descriptor '/home/tada/Repository/f1tenth_tada/labs/lab1_ws/install/lab1_pkg/share/lab1_pkg/package.dsv'
[4.107s] INFO:colcon.colcon_core.shell:Creating package script '/home/tada/Repository/f1tenth_tada/labs/lab1_ws/install/lab1_pkg/share/lab1_pkg/package.sh'
[4.110s] INFO:colcon.colcon_core.shell:Creating package script '/home/tada/Repository/f1tenth_tada/labs/lab1_ws/install/lab1_pkg/share/lab1_pkg/package.bash'
[4.113s] INFO:colcon.colcon_core.shell:Creating package script '/home/tada/Repository/f1tenth_tada/labs/lab1_ws/install/lab1_pkg/share/lab1_pkg/package.zsh'
[4.116s] Level 1:colcon.colcon_core.environment:create_file_with_runtime_dependencies(/home/tada/Repository/f1tenth_tada/labs/lab1_ws/install/lab1_pkg/share/colcon-core/packages/lab1_pkg)
[4.118s] DEBUG:colcon.colcon_parallel_executor.executor.parallel:closing loop
[4.123s] DEBUG:colcon.colcon_parallel_executor.executor.parallel:loop closed
[4.124s] DEBUG:colcon.colcon_parallel_executor.executor.parallel:run_until_complete finished with '0'
[4.128s] DEBUG:colcon.colcon_core.event_reactor:joining thread
[4.213s] INFO:colcon.colcon_core.plugin_system:Skipping extension 'colcon_notification.desktop_notification.terminal_notifier': Not used on non-Darwin systems
[4.214s] INFO:colcon.colcon_core.plugin_system:Skipping extension 'colcon_notification.desktop_notification.win32': Not used on non-Windows systems
[4.214s] INFO:colcon.colcon_notification.desktop_notification:Sending desktop notification using 'notify2'
[4.301s] DEBUG:colcon.colcon_core.event_reactor:joined thread
[4.304s] INFO:colcon.colcon_core.shell:Creating prefix script '/home/tada/Repository/f1tenth_tada/labs/lab1_ws/install/local_setup.ps1'
[4.308s] INFO:colcon.colcon_core.shell:Creating prefix util module '/home/tada/Repository/f1tenth_tada/labs/lab1_ws/install/_local_setup_util_ps1.py'
[4.319s] INFO:colcon.colcon_core.shell:Creating prefix chain script '/home/tada/Repository/f1tenth_tada/labs/lab1_ws/install/setup.ps1'
[4.326s] INFO:colcon.colcon_core.shell:Creating prefix script '/home/tada/Repository/f1tenth_tada/labs/lab1_ws/install/local_setup.sh'
[4.333s] INFO:colcon.colcon_core.shell:Creating prefix util module '/home/tada/Repository/f1tenth_tada/labs/lab1_ws/install/_local_setup_util_sh.py'
[4.339s] INFO:colcon.colcon_core.shell:Creating prefix chain script '/home/tada/Repository/f1tenth_tada/labs/lab1_ws/install/setup.sh'
[4.348s] INFO:colcon.colcon_core.shell:Creating prefix script '/home/tada/Repository/f1tenth_tada/labs/lab1_ws/install/local_setup.bash'
[4.352s] INFO:colcon.colcon_core.shell:Creating prefix chain script '/home/tada/Repository/f1tenth_tada/labs/lab1_ws/install/setup.bash'
[4.361s] INFO:colcon.colcon_core.shell:Creating prefix script '/home/tada/Repository/f1tenth_tada/labs/lab1_ws/install/local_setup.zsh'
[4.366s] INFO:colcon.colcon_core.shell:Creating prefix chain script '/home/tada/Repository/f1tenth_tada/labs/lab1_ws/install/setup.zsh'
