[1.229s] DEBUG:colcon:Command line arguments: ['/home/tada/.local/bin/colcon', 'build', '--packages-select', 'lab1_pkg']
[1.230s] DEBUG:colcon:Parsed command line arguments: Namespace(allow_overriding=[], ament_cmake_args=None, base_paths=['.'], build_base='build', catkin_cmake_args=None, catkin_skip_building_tests=False, cmake_args=None, cmake_clean_cache=False, cmake_clean_first=False, cmake_force_configure=False, cmake_target=None, cmake_target_skip_unavailable=False, continue_on_error=False, event_handlers=None, executor='parallel', ignore_user_meta=False, install_base='install', log_base=None, log_level=None, main=<bound method BuildVerb.main of <colcon_core.verb.build.BuildVerb object at 0xffff9db30280>>, merge_install=False, metas=['./colcon.meta'], packages_above=None, packages_above_and_dependencies=None, packages_above_depth=None, packages_end=None, packages_ignore=None, packages_ignore_regex=None, packages_select=['lab1_pkg'], packages_select_build_failed=False, packages_select_by_dep=None, packages_select_regex=None, packages_select_test_failures=False, packages_skip=None, packages_skip_build_finished=False, packages_skip_by_dep=None, packages_skip_regex=None, packages_skip_test_passed=False, packages_skip_up_to=None, packages_start=None, packages_up_to=None, packages_up_to_regex=None, parallel_workers=2, paths=None, symlink_install=False, test_result_base=None, verb_extension=<colcon_core.verb.build.BuildVerb object at 0xffff9db30280>, verb_name='build', verb_parser=<colcon_defaults.argument_parser.defaults.DefaultArgumentsDecorator object at 0xffff9da3c790>)
[1.448s] Level 1:colcon.colcon_core.package_discovery:discover_packages(colcon_meta) check parameters
[1.449s] Level 1:colcon.colcon_core.package_discovery:discover_packages(recursive) check parameters
[1.449s] Level 1:colcon.colcon_core.package_discovery:discover_packages(ignore) check parameters
[1.449s] Level 1:colcon.colcon_core.package_discovery:discover_packages(path) check parameters
[1.449s] Level 1:colcon.colcon_core.package_discovery:discover_packages(colcon_meta) discover
[1.450s] Level 1:colcon.colcon_core.package_discovery:discover_packages(recursive) discover
[1.450s] INFO:colcon.colcon_core.package_discovery:Crawling recursively for packages in '/home/tada/f1tenth_tada/labs/lab1_ws'
[1.451s] Level 1:colcon.colcon_core.package_identification:_identify(.) by extensions ['ignore', 'ignore_ament_install']
[1.451s] Level 1:colcon.colcon_core.package_identification:_identify(.) by extension 'ignore'
[1.451s] Level 1:colcon.colcon_core.package_identification:_identify(.) by extension 'ignore_ament_install'
[1.451s] Level 1:colcon.colcon_core.package_identification:_identify(.) by extensions ['colcon_pkg']
[1.451s] Level 1:colcon.colcon_core.package_identification:_identify(.) by extension 'colcon_pkg'
[1.452s] Level 1:colcon.colcon_core.package_identification:_identify(.) by extensions ['colcon_meta']
[1.452s] Level 1:colcon.colcon_core.package_identification:_identify(.) by extension 'colcon_meta'
[1.452s] Level 1:colcon.colcon_core.package_identification:_identify(.) by extensions ['ros']
[1.452s] Level 1:colcon.colcon_core.package_identification:_identify(.) by extension 'ros'
[1.646s] Level 1:colcon.colcon_core.package_identification:_identify(.) by extensions ['cmake', 'python']
[1.646s] Level 1:colcon.colcon_core.package_identification:_identify(.) by extension 'cmake'
[1.647s] Level 1:colcon.colcon_core.package_identification:_identify(.) by extension 'python'
[1.647s] Level 1:colcon.colcon_core.package_identification:_identify(.) by extensions ['python_setup_py']
[1.647s] Level 1:colcon.colcon_core.package_identification:_identify(.) by extension 'python_setup_py'
[1.648s] Level 1:colcon.colcon_core.package_identification:_identify(build) by extensions ['ignore', 'ignore_ament_install']
[1.648s] Level 1:colcon.colcon_core.package_identification:_identify(build) by extension 'ignore'
[1.648s] Level 1:colcon.colcon_core.package_identification:_identify(build) ignored
[1.649s] Level 1:colcon.colcon_core.package_identification:_identify(install) by extensions ['ignore', 'ignore_ament_install']
[1.649s] Level 1:colcon.colcon_core.package_identification:_identify(install) by extension 'ignore'
[1.649s] Level 1:colcon.colcon_core.package_identification:_identify(install) ignored
[1.650s] Level 1:colcon.colcon_core.package_identification:_identify(log) by extensions ['ignore', 'ignore_ament_install']
[1.650s] Level 1:colcon.colcon_core.package_identification:_identify(log) by extension 'ignore'
[1.650s] Level 1:colcon.colcon_core.package_identification:_identify(log) ignored
[1.651s] Level 1:colcon.colcon_core.package_identification:_identify(src) by extensions ['ignore', 'ignore_ament_install']
[1.651s] Level 1:colcon.colcon_core.package_identification:_identify(src) by extension 'ignore'
[1.651s] Level 1:colcon.colcon_core.package_identification:_identify(src) by extension 'ignore_ament_install'
[1.652s] Level 1:colcon.colcon_core.package_identification:_identify(src) by extensions ['colcon_pkg']
[1.652s] Level 1:colcon.colcon_core.package_identification:_identify(src) by extension 'colcon_pkg'
[1.652s] Level 1:colcon.colcon_core.package_identification:_identify(src) by extensions ['colcon_meta']
[1.652s] Level 1:colcon.colcon_core.package_identification:_identify(src) by extension 'colcon_meta'
[1.652s] Level 1:colcon.colcon_core.package_identification:_identify(src) by extensions ['ros']
[1.652s] Level 1:colcon.colcon_core.package_identification:_identify(src) by extension 'ros'
[1.653s] Level 1:colcon.colcon_core.package_identification:_identify(src) by extensions ['cmake', 'python']
[1.653s] Level 1:colcon.colcon_core.package_identification:_identify(src) by extension 'cmake'
[1.654s] Level 1:colcon.colcon_core.package_identification:_identify(src) by extension 'python'
[1.654s] Level 1:colcon.colcon_core.package_identification:_identify(src) by extensions ['python_setup_py']
[1.654s] Level 1:colcon.colcon_core.package_identification:_identify(src) by extension 'python_setup_py'
[1.654s] Level 1:colcon.colcon_core.package_identification:_identify(src/lab1_pkg) by extensions ['ignore', 'ignore_ament_install']
[1.655s] Level 1:colcon.colcon_core.package_identification:_identify(src/lab1_pkg) by extension 'ignore'
[1.655s] Level 1:colcon.colcon_core.package_identification:_identify(src/lab1_pkg) by extension 'ignore_ament_install'
[1.655s] Level 1:colcon.colcon_core.package_identification:_identify(src/lab1_pkg) by extensions ['colcon_pkg']
[1.655s] Level 1:colcon.colcon_core.package_identification:_identify(src/lab1_pkg) by extension 'colcon_pkg'
[1.656s] Level 1:colcon.colcon_core.package_identification:_identify(src/lab1_pkg) by extensions ['colcon_meta']
[1.656s] Level 1:colcon.colcon_core.package_identification:_identify(src/lab1_pkg) by extension 'colcon_meta'
[1.656s] Level 1:colcon.colcon_core.package_identification:_identify(src/lab1_pkg) by extensions ['ros']
[1.656s] Level 1:colcon.colcon_core.package_identification:_identify(src/lab1_pkg) by extension 'ros'
[1.669s] DEBUG:colcon.colcon_core.package_identification:Package 'src/lab1_pkg' with type 'ros.ament_cmake' and name 'lab1_pkg'
[1.669s] Level 1:colcon.colcon_core.package_discovery:discover_packages(recursive) using defaults
[1.669s] Level 1:colcon.colcon_core.package_discovery:discover_packages(ignore) discover
[1.669s] Level 1:colcon.colcon_core.package_discovery:discover_packages(ignore) using defaults
[1.670s] Level 1:colcon.colcon_core.package_discovery:discover_packages(path) discover
[1.670s] Level 1:colcon.colcon_core.package_discovery:discover_packages(path) using defaults
[1.752s] Level 1:colcon.colcon_core.package_discovery:discover_packages(prefix_path) check parameters
[1.752s] Level 1:colcon.colcon_core.package_discovery:discover_packages(prefix_path) discover
[1.757s] WARNING:colcon.colcon_core.prefix_path.colcon:The path '/home/tada/lab1_ws/src/install' in the environment variable COLCON_PREFIX_PATH doesn't exist
[1.759s] WARNING:colcon.colcon_ros.prefix_path.ament:The path '/home/tada/lab1_ws/src/install/lab1_pkg' in the environment variable AMENT_PREFIX_PATH doesn't exist
[1.762s] WARNING:colcon.colcon_ros.prefix_path.catkin:The path '/home/tada/lab1_ws/src/install/lab1_pkg' in the environment variable CMAKE_PREFIX_PATH doesn't exist
[1.768s] DEBUG:colcon.colcon_installed_package_information.package_discovery:Found 11 installed packages in /home/tada/f1tenth_ws/install
[1.776s] DEBUG:colcon.colcon_installed_package_information.package_discovery:Found 286 installed packages in /opt/ros/foxy
[1.785s] Level 1:colcon.colcon_core.package_discovery:discover_packages(prefix_path) using defaults
[2.133s] Level 5:colcon.colcon_core.verb:set package 'lab1_pkg' build argument 'cmake_args' from command line to 'None'
[2.133s] Level 5:colcon.colcon_core.verb:set package 'lab1_pkg' build argument 'cmake_target' from command line to 'None'
[2.134s] Level 5:colcon.colcon_core.verb:set package 'lab1_pkg' build argument 'cmake_target_skip_unavailable' from command line to 'False'
[2.134s] Level 5:colcon.colcon_core.verb:set package 'lab1_pkg' build argument 'cmake_clean_cache' from command line to 'False'
[2.134s] Level 5:colcon.colcon_core.verb:set package 'lab1_pkg' build argument 'cmake_clean_first' from command line to 'False'
[2.134s] Level 5:colcon.colcon_core.verb:set package 'lab1_pkg' build argument 'cmake_force_configure' from command line to 'False'
[2.134s] Level 5:colcon.colcon_core.verb:set package 'lab1_pkg' build argument 'ament_cmake_args' from command line to 'None'
[2.134s] Level 5:colcon.colcon_core.verb:set package 'lab1_pkg' build argument 'catkin_cmake_args' from command line to 'None'
[2.134s] Level 5:colcon.colcon_core.verb:set package 'lab1_pkg' build argument 'catkin_skip_building_tests' from command line to 'False'
[2.135s] DEBUG:colcon.colcon_core.verb:Building package 'lab1_pkg' with the following arguments: {'ament_cmake_args': None, 'build_base': '/home/tada/f1tenth_tada/labs/lab1_ws/build/lab1_pkg', 'catkin_cmake_args': None, 'catkin_skip_building_tests': False, 'cmake_args': None, 'cmake_clean_cache': False, 'cmake_clean_first': False, 'cmake_force_configure': False, 'cmake_target': None, 'cmake_target_skip_unavailable': False, 'install_base': '/home/tada/f1tenth_tada/labs/lab1_ws/install/lab1_pkg', 'merge_install': False, 'path': '/home/tada/f1tenth_tada/labs/lab1_ws/src/lab1_pkg', 'symlink_install': False, 'test_result_base': None}
[2.135s] INFO:colcon.colcon_core.executor:Executing jobs using 'parallel' executor
[2.139s] DEBUG:colcon.colcon_parallel_executor.executor.parallel:run_until_complete
[2.139s] INFO:colcon.colcon_ros.task.ament_cmake.build:Building ROS package in '/home/tada/f1tenth_tada/labs/lab1_ws/src/lab1_pkg' with build type 'ament_cmake'
[2.140s] INFO:colcon.colcon_cmake.task.cmake.build:Building CMake package in '/home/tada/f1tenth_tada/labs/lab1_ws/src/lab1_pkg'
[2.155s] INFO:colcon.colcon_core.plugin_system:Skipping extension 'colcon_core.shell.bat': Not used on non-Windows systems
[2.156s] INFO:colcon.colcon_core.shell:Skip shell extension 'powershell' for command environment: Not usable outside of PowerShell
[2.156s] DEBUG:colcon.colcon_core.shell:Skip shell extension 'dsv' for command environment
[2.309s] DEBUG:colcon.colcon_core.event_handler.log_command:Invoking command in '/home/tada/f1tenth_tada/labs/lab1_ws/build/lab1_pkg': CMAKE_PREFIX_PATH=${CMAKE_PREFIX_PATH}:/home/tada/f1tenth_ws/install/f1tenth_stack:/home/tada/f1tenth_ws/install/joy_teleop:/home/tada/f1tenth_ws/install/mouse_teleop:/home/tada/f1tenth_ws/install/key_teleop:/opt/ros/foxy /usr/bin/cmake /home/tada/f1tenth_tada/labs/lab1_ws/src/lab1_pkg -DCMAKE_INSTALL_PREFIX=/home/tada/f1tenth_tada/labs/lab1_ws/install/lab1_pkg
[20.490s] DEBUG:colcon.colcon_core.event_handler.log_command:Invoked command in '/home/tada/f1tenth_tada/labs/lab1_ws/build/lab1_pkg' returned '0': CMAKE_PREFIX_PATH=${CMAKE_PREFIX_PATH}:/home/tada/f1tenth_ws/install/f1tenth_stack:/home/tada/f1tenth_ws/install/joy_teleop:/home/tada/f1tenth_ws/install/mouse_teleop:/home/tada/f1tenth_ws/install/key_teleop:/opt/ros/foxy /usr/bin/cmake /home/tada/f1tenth_tada/labs/lab1_ws/src/lab1_pkg -DCMAKE_INSTALL_PREFIX=/home/tada/f1tenth_tada/labs/lab1_ws/install/lab1_pkg
[20.504s] DEBUG:colcon.colcon_core.event_handler.log_command:Invoking command in '/home/tada/f1tenth_tada/labs/lab1_ws/build/lab1_pkg': CMAKE_PREFIX_PATH=${CMAKE_PREFIX_PATH}:/home/tada/f1tenth_ws/install/f1tenth_stack:/home/tada/f1tenth_ws/install/joy_teleop:/home/tada/f1tenth_ws/install/mouse_teleop:/home/tada/f1tenth_ws/install/key_teleop:/opt/ros/foxy /usr/bin/cmake --build /home/tada/f1tenth_tada/labs/lab1_ws/build/lab1_pkg -- -j2 -l2
[37.463s] DEBUG:colcon.colcon_core.event_handler.log_command:Invoked command in '/home/tada/f1tenth_tada/labs/lab1_ws/build/lab1_pkg' returned '0': CMAKE_PREFIX_PATH=${CMAKE_PREFIX_PATH}:/home/tada/f1tenth_ws/install/f1tenth_stack:/home/tada/f1tenth_ws/install/joy_teleop:/home/tada/f1tenth_ws/install/mouse_teleop:/home/tada/f1tenth_ws/install/key_teleop:/opt/ros/foxy /usr/bin/cmake --build /home/tada/f1tenth_tada/labs/lab1_ws/build/lab1_pkg -- -j2 -l2
[37.543s] DEBUG:colcon.colcon_core.event_handler.log_command:Invoking command in '/home/tada/f1tenth_tada/labs/lab1_ws/build/lab1_pkg': CMAKE_PREFIX_PATH=${CMAKE_PREFIX_PATH}:/home/tada/f1tenth_ws/install/f1tenth_stack:/home/tada/f1tenth_ws/install/joy_teleop:/home/tada/f1tenth_ws/install/mouse_teleop:/home/tada/f1tenth_ws/install/key_teleop:/opt/ros/foxy /usr/bin/cmake --install /home/tada/f1tenth_tada/labs/lab1_ws/build/lab1_pkg
[37.641s] Level 1:colcon.colcon_core.environment:create_environment_scripts_only(lab1_pkg)
[37.644s] DEBUG:colcon.colcon_core.event_handler.log_command:Invoked command in '/home/tada/f1tenth_tada/labs/lab1_ws/build/lab1_pkg' returned '0': CMAKE_PREFIX_PATH=${CMAKE_PREFIX_PATH}:/home/tada/f1tenth_ws/install/f1tenth_stack:/home/tada/f1tenth_ws/install/joy_teleop:/home/tada/f1tenth_ws/install/mouse_teleop:/home/tada/f1tenth_ws/install/key_teleop:/opt/ros/foxy /usr/bin/cmake --install /home/tada/f1tenth_tada/labs/lab1_ws/build/lab1_pkg
[37.661s] Level 1:colcon.colcon_core.environment:checking '/home/tada/f1tenth_tada/labs/lab1_ws/install/lab1_pkg' for CMake module files
[37.664s] Level 1:colcon.colcon_core.environment:checking '/home/tada/f1tenth_tada/labs/lab1_ws/install/lab1_pkg' for CMake config files
[37.666s] Level 1:colcon.colcon_core.shell:create_environment_hook('lab1_pkg', 'cmake_prefix_path')
[37.668s] INFO:colcon.colcon_core.shell:Creating environment hook '/home/tada/f1tenth_tada/labs/lab1_ws/install/lab1_pkg/share/lab1_pkg/hook/cmake_prefix_path.ps1'
[37.671s] INFO:colcon.colcon_core.shell:Creating environment descriptor '/home/tada/f1tenth_tada/labs/lab1_ws/install/lab1_pkg/share/lab1_pkg/hook/cmake_prefix_path.dsv'
[37.674s] INFO:colcon.colcon_core.shell:Creating environment hook '/home/tada/f1tenth_tada/labs/lab1_ws/install/lab1_pkg/share/lab1_pkg/hook/cmake_prefix_path.sh'
[37.678s] Level 1:colcon.colcon_core.environment:checking '/home/tada/f1tenth_tada/labs/lab1_ws/install/lab1_pkg/lib'
[37.679s] Level 1:colcon.colcon_core.environment:checking '/home/tada/f1tenth_tada/labs/lab1_ws/install/lab1_pkg/bin'
[37.679s] Level 1:colcon.colcon_core.environment:checking '/home/tada/f1tenth_tada/labs/lab1_ws/install/lab1_pkg/lib/pkgconfig/lab1_pkg.pc'
[37.680s] Level 1:colcon.colcon_core.environment:checking '/home/tada/f1tenth_tada/labs/lab1_ws/install/lab1_pkg/lib/python3.8/site-packages'
[37.681s] Level 1:colcon.colcon_core.environment:checking '/home/tada/f1tenth_tada/labs/lab1_ws/install/lab1_pkg/bin'
[37.682s] INFO:colcon.colcon_core.shell:Creating package script '/home/tada/f1tenth_tada/labs/lab1_ws/install/lab1_pkg/share/lab1_pkg/package.ps1'
[37.685s] INFO:colcon.colcon_core.shell:Creating package descriptor '/home/tada/f1tenth_tada/labs/lab1_ws/install/lab1_pkg/share/lab1_pkg/package.dsv'
[37.689s] INFO:colcon.colcon_core.shell:Creating package script '/home/tada/f1tenth_tada/labs/lab1_ws/install/lab1_pkg/share/lab1_pkg/package.sh'
[37.692s] INFO:colcon.colcon_core.shell:Creating package script '/home/tada/f1tenth_tada/labs/lab1_ws/install/lab1_pkg/share/lab1_pkg/package.bash'
[37.695s] INFO:colcon.colcon_core.shell:Creating package script '/home/tada/f1tenth_tada/labs/lab1_ws/install/lab1_pkg/share/lab1_pkg/package.zsh'
[37.697s] Level 1:colcon.colcon_core.environment:create_file_with_runtime_dependencies(/home/tada/f1tenth_tada/labs/lab1_ws/install/lab1_pkg/share/colcon-core/packages/lab1_pkg)
[37.700s] Level 1:colcon.colcon_core.environment:create_environment_scripts_only(lab1_pkg)
[37.701s] Level 1:colcon.colcon_core.environment:checking '/home/tada/f1tenth_tada/labs/lab1_ws/install/lab1_pkg' for CMake module files
[37.703s] Level 1:colcon.colcon_core.environment:checking '/home/tada/f1tenth_tada/labs/lab1_ws/install/lab1_pkg' for CMake config files
[37.705s] Level 1:colcon.colcon_core.shell:create_environment_hook('lab1_pkg', 'cmake_prefix_path')
[37.706s] INFO:colcon.colcon_core.shell:Creating environment hook '/home/tada/f1tenth_tada/labs/lab1_ws/install/lab1_pkg/share/lab1_pkg/hook/cmake_prefix_path.ps1'
[37.707s] INFO:colcon.colcon_core.shell:Creating environment descriptor '/home/tada/f1tenth_tada/labs/lab1_ws/install/lab1_pkg/share/lab1_pkg/hook/cmake_prefix_path.dsv'
[37.709s] INFO:colcon.colcon_core.shell:Creating environment hook '/home/tada/f1tenth_tada/labs/lab1_ws/install/lab1_pkg/share/lab1_pkg/hook/cmake_prefix_path.sh'
[37.710s] Level 1:colcon.colcon_core.environment:checking '/home/tada/f1tenth_tada/labs/lab1_ws/install/lab1_pkg/lib'
[37.711s] Level 1:colcon.colcon_core.environment:checking '/home/tada/f1tenth_tada/labs/lab1_ws/install/lab1_pkg/bin'
[37.711s] Level 1:colcon.colcon_core.environment:checking '/home/tada/f1tenth_tada/labs/lab1_ws/install/lab1_pkg/lib/pkgconfig/lab1_pkg.pc'
[37.712s] Level 1:colcon.colcon_core.environment:checking '/home/tada/f1tenth_tada/labs/lab1_ws/install/lab1_pkg/lib/python3.8/site-packages'
[37.712s] Level 1:colcon.colcon_core.environment:checking '/home/tada/f1tenth_tada/labs/lab1_ws/install/lab1_pkg/bin'
[37.713s] INFO:colcon.colcon_core.shell:Creating package script '/home/tada/f1tenth_tada/labs/lab1_ws/install/lab1_pkg/share/lab1_pkg/package.ps1'
[37.837s] INFO:colcon.colcon_core.shell:Creating package descriptor '/home/tada/f1tenth_tada/labs/lab1_ws/install/lab1_pkg/share/lab1_pkg/package.dsv'
[37.840s] INFO:colcon.colcon_core.shell:Creating package script '/home/tada/f1tenth_tada/labs/lab1_ws/install/lab1_pkg/share/lab1_pkg/package.sh'
[37.842s] INFO:colcon.colcon_core.shell:Creating package script '/home/tada/f1tenth_tada/labs/lab1_ws/install/lab1_pkg/share/lab1_pkg/package.bash'
[37.844s] INFO:colcon.colcon_core.shell:Creating package script '/home/tada/f1tenth_tada/labs/lab1_ws/install/lab1_pkg/share/lab1_pkg/package.zsh'
[37.846s] Level 1:colcon.colcon_core.environment:create_file_with_runtime_dependencies(/home/tada/f1tenth_tada/labs/lab1_ws/install/lab1_pkg/share/colcon-core/packages/lab1_pkg)
[37.848s] DEBUG:colcon.colcon_parallel_executor.executor.parallel:closing loop
[37.849s] DEBUG:colcon.colcon_parallel_executor.executor.parallel:loop closed
[37.851s] DEBUG:colcon.colcon_parallel_executor.executor.parallel:run_until_complete finished with '0'
[37.851s] DEBUG:colcon.colcon_core.event_reactor:joining thread
[37.878s] INFO:colcon.colcon_core.plugin_system:Skipping extension 'colcon_notification.desktop_notification.terminal_notifier': Not used on non-Darwin systems
[37.879s] INFO:colcon.colcon_core.plugin_system:Skipping extension 'colcon_notification.desktop_notification.win32': Not used on non-Windows systems
[37.879s] INFO:colcon.colcon_notification.desktop_notification:Sending desktop notification using 'notify2'
[37.961s] DEBUG:colcon.colcon_core.event_reactor:joined thread
[37.962s] INFO:colcon.colcon_core.shell:Creating prefix script '/home/tada/f1tenth_tada/labs/lab1_ws/install/local_setup.ps1'
[37.967s] INFO:colcon.colcon_core.shell:Creating prefix util module '/home/tada/f1tenth_tada/labs/lab1_ws/install/_local_setup_util_ps1.py'
[37.979s] INFO:colcon.colcon_core.shell:Creating prefix chain script '/home/tada/f1tenth_tada/labs/lab1_ws/install/setup.ps1'
[37.986s] INFO:colcon.colcon_core.shell:Creating prefix script '/home/tada/f1tenth_tada/labs/lab1_ws/install/local_setup.sh'
[37.988s] INFO:colcon.colcon_core.shell:Creating prefix util module '/home/tada/f1tenth_tada/labs/lab1_ws/install/_local_setup_util_sh.py'
[37.991s] INFO:colcon.colcon_core.shell:Creating prefix chain script '/home/tada/f1tenth_tada/labs/lab1_ws/install/setup.sh'
[37.997s] INFO:colcon.colcon_core.shell:Creating prefix script '/home/tada/f1tenth_tada/labs/lab1_ws/install/local_setup.bash'
[37.999s] INFO:colcon.colcon_core.shell:Creating prefix chain script '/home/tada/f1tenth_tada/labs/lab1_ws/install/setup.bash'
[38.016s] INFO:colcon.colcon_core.shell:Creating prefix script '/home/tada/f1tenth_tada/labs/lab1_ws/install/local_setup.zsh'
[38.018s] INFO:colcon.colcon_core.shell:Creating prefix chain script '/home/tada/f1tenth_tada/labs/lab1_ws/install/setup.zsh'
