[0.080s] Invoking command in '/home/tada/Repository/f1tenth_tada/labs/lab1_ws/build/lab1_pkg': CMAKE_PREFIX_PATH=/opt/ros/foxy /usr/bin/cmake --build /home/tada/Repository/f1tenth_tada/labs/lab1_ws/build/lab1_pkg -- -j4 -l4
[0.243s] -- Found ament_cmake: 0.9.12 (/opt/ros/foxy/share/ament_cmake/cmake)
[0.343s] -- Using PYTHON_EXECUTABLE: /usr/bin/python3
[1.660s] -- Found rclpy: 1.0.13 (/opt/ros/foxy/share/rclpy/cmake)
[1.660s] -- Found rclcpp: 2.4.3 (/opt/ros/foxy/share/rclcpp/cmake)
[1.921s] -- Using all available rosidl_typesupport_c: rosidl_typesupport_fastrtps_c;rosidl_typesupport_introspection_c
[1.944s] -- Found rosidl_adapter: 1.3.1 (/opt/ros/foxy/share/rosidl_adapter/cmake)
[2.697s] -- Using all available rosidl_typesupport_cpp: rosidl_typesupport_fastrtps_cpp;rosidl_typesupport_introspection_cpp
[2.926s] -- Found rmw_implementation_cmake: 1.0.4 (/opt/ros/foxy/share/rmw_implementation_cmake/cmake)
[2.934s] -- Using RMW implementation 'rmw_fastrtps_cpp' as default
[3.483s] -- Found ackermann_msgs: 2.0.2 (/opt/ros/foxy/share/ackermann_msgs/cmake)
[3.607s] -- Found ament_lint_auto: 0.9.8 (/opt/ros/foxy/share/ament_lint_auto/cmake)
[3.889s] -- Added test 'copyright' to check source files copyright and LICENSE
[3.896s] -- Added test 'cppcheck' to perform static code analysis on C / C++ code
[3.897s] -- Configured cppcheck include dirs: 
[3.897s] -- Configured cppcheck exclude dirs and/or files: 
[3.904s] -- Added test 'cpplint' to check C / C++ code against the Google style
[3.905s] -- Configured cpplint exclude dirs and/or files: 
[3.906s] -- Added test 'flake8' to check Python code syntax and style conventions
[3.912s] -- Added test 'lint_cmake' to check CMake code style
[3.913s] -- Added test 'pep257' to check Python code against some of the style conventions in PEP 257
[3.917s] -- Added test 'uncrustify' to check C / C++ code style
[3.917s] -- Configured uncrustify additional arguments: 
[3.921s] -- Added test 'xmllint' to check XML markup files
[3.940s] -- Configuring done
[4.004s] -- Generating done
[4.027s] -- Build files have been written to: /home/tada/Repository/f1tenth_tada/labs/lab1_ws/build/lab1_pkg
[4.372s] [100%] Built target talker
[4.468s] Invoked command in '/home/tada/Repository/f1tenth_tada/labs/lab1_ws/build/lab1_pkg' returned '0': CMAKE_PREFIX_PATH=/opt/ros/foxy /usr/bin/cmake --build /home/tada/Repository/f1tenth_tada/labs/lab1_ws/build/lab1_pkg -- -j4 -l4
[4.535s] Invoking command in '/home/tada/Repository/f1tenth_tada/labs/lab1_ws/build/lab1_pkg': CMAKE_PREFIX_PATH=/opt/ros/foxy /usr/bin/cmake --install /home/tada/Repository/f1tenth_tada/labs/lab1_ws/build/lab1_pkg
[4.569s] -- Install configuration: ""
[4.571s] -- Up-to-date: /home/tada/Repository/f1tenth_tada/labs/lab1_ws/install/lab1_pkg/lib/lab1_pkg/talker
[4.573s] -- Up-to-date: /home/tada/Repository/f1tenth_tada/labs/lab1_ws/install/lab1_pkg/share/lab1_pkg/environment/pythonpath.sh
[4.573s] -- Installing: /home/tada/Repository/f1tenth_tada/labs/lab1_ws/install/lab1_pkg/share/lab1_pkg/environment/pythonpath.dsv
[4.575s] -- Up-to-date: /home/tada/Repository/f1tenth_tada/labs/lab1_ws/install/lab1_pkg/lib/python3.8/site-packages/lab1_pkg
[4.575s] -- Up-to-date: /home/tada/Repository/f1tenth_tada/labs/lab1_ws/install/lab1_pkg/lib/python3.8/site-packages/lab1_pkg/relay.py
[4.576s] -- Up-to-date: /home/tada/Repository/f1tenth_tada/labs/lab1_ws/install/lab1_pkg/lib/python3.8/site-packages/lab1_pkg/__init__.py
[4.707s] Listing '/home/tada/Repository/f1tenth_tada/labs/lab1_ws/install/lab1_pkg/lib/python3.8/site-packages/lab1_pkg'...
[4.720s] -- Up-to-date: /home/tada/Repository/f1tenth_tada/labs/lab1_ws/install/lab1_pkg/lib/lab1_pkg/relay.py
[4.722s] -- Up-to-date: /home/tada/Repository/f1tenth_tada/labs/lab1_ws/install/lab1_pkg/share/ament_index/resource_index/package_run_dependencies/lab1_pkg
[4.724s] -- Up-to-date: /home/tada/Repository/f1tenth_tada/labs/lab1_ws/install/lab1_pkg/share/ament_index/resource_index/parent_prefix_path/lab1_pkg
[4.725s] -- Up-to-date: /home/tada/Repository/f1tenth_tada/labs/lab1_ws/install/lab1_pkg/share/lab1_pkg/environment/ament_prefix_path.sh
[4.725s] -- Installing: /home/tada/Repository/f1tenth_tada/labs/lab1_ws/install/lab1_pkg/share/lab1_pkg/environment/ament_prefix_path.dsv
[4.727s] -- Up-to-date: /home/tada/Repository/f1tenth_tada/labs/lab1_ws/install/lab1_pkg/share/lab1_pkg/environment/path.sh
[4.728s] -- Installing: /home/tada/Repository/f1tenth_tada/labs/lab1_ws/install/lab1_pkg/share/lab1_pkg/environment/path.dsv
[4.729s] -- Up-to-date: /home/tada/Repository/f1tenth_tada/labs/lab1_ws/install/lab1_pkg/share/lab1_pkg/local_setup.bash
[4.730s] -- Up-to-date: /home/tada/Repository/f1tenth_tada/labs/lab1_ws/install/lab1_pkg/share/lab1_pkg/local_setup.sh
[4.730s] -- Up-to-date: /home/tada/Repository/f1tenth_tada/labs/lab1_ws/install/lab1_pkg/share/lab1_pkg/local_setup.zsh
[4.731s] -- Installing: /home/tada/Repository/f1tenth_tada/labs/lab1_ws/install/lab1_pkg/share/lab1_pkg/local_setup.dsv
[4.733s] -- Installing: /home/tada/Repository/f1tenth_tada/labs/lab1_ws/install/lab1_pkg/share/lab1_pkg/package.dsv
[4.735s] -- Up-to-date: /home/tada/Repository/f1tenth_tada/labs/lab1_ws/install/lab1_pkg/share/ament_index/resource_index/packages/lab1_pkg
[4.735s] -- Up-to-date: /home/tada/Repository/f1tenth_tada/labs/lab1_ws/install/lab1_pkg/share/lab1_pkg/cmake/lab1_pkgConfig.cmake
[4.736s] -- Up-to-date: /home/tada/Repository/f1tenth_tada/labs/lab1_ws/install/lab1_pkg/share/lab1_pkg/cmake/lab1_pkgConfig-version.cmake
[4.736s] -- Up-to-date: /home/tada/Repository/f1tenth_tada/labs/lab1_ws/install/lab1_pkg/share/lab1_pkg/package.xml
[4.750s] Invoked command in '/home/tada/Repository/f1tenth_tada/labs/lab1_ws/build/lab1_pkg' returned '0': CMAKE_PREFIX_PATH=/opt/ros/foxy /usr/bin/cmake --install /home/tada/Repository/f1tenth_tada/labs/lab1_ws/build/lab1_pkg
