[0.158s] Invoking command in '/home/tada/f1tenth_tada/labs/lab1_ws/build/lab1_pkg': CMAKE_PREFIX_PATH=${CMAKE_PREFIX_PATH}:/home/tada/f1tenth_ws/install/f1tenth_stack:/home/tada/f1tenth_ws/install/joy_teleop:/home/tada/f1tenth_ws/install/mouse_teleop:/home/tada/f1tenth_ws/install/key_teleop:/opt/ros/foxy /usr/bin/cmake /home/tada/f1tenth_tada/labs/lab1_ws/src/lab1_pkg -DCMAKE_INSTALL_PREFIX=/home/tada/f1tenth_tada/labs/lab1_ws/install/lab1_pkg
[2.331s] -- The C compiler identification is GNU 9.4.0
[4.046s] -- The CXX compiler identification is GNU 9.4.0
[4.356s] -- Check for working C compiler: /usr/bin/cc
[4.873s] -- Check for working C compiler: /usr/bin/cc -- works
[5.018s] -- Detecting C compiler ABI info
[5.963s] -- Detecting C compiler ABI info - done
[6.166s] -- Detecting C compile features
[6.168s] -- Detecting C compile features - done
[6.319s] -- Check for working CXX compiler: /usr/bin/c++
[7.003s] -- Check for working CXX compiler: /usr/bin/c++ -- works
[7.008s] -- Detecting CXX compiler ABI info
[8.108s] -- Detecting CXX compiler ABI info - done
[8.189s] -- Detecting CXX compile features
[8.194s] -- Detecting CXX compile features - done
[8.362s] -- Found ament_cmake: 0.9.12 (/opt/ros/foxy/share/ament_cmake/cmake)
[8.505s] -- Found PythonInterp: /usr/bin/python3 (found suitable version "3.8.10", minimum required is "3") 
[8.506s] -- Using PYTHON_EXECUTABLE: /usr/bin/python3
[10.162s] -- Found rclpy: 1.0.13 (/opt/ros/foxy/share/rclpy/cmake)
[10.314s] -- Found rclcpp: 2.4.3 (/opt/ros/foxy/share/rclcpp/cmake)
[10.909s] -- Using all available rosidl_typesupport_c: rosidl_typesupport_fastrtps_c;rosidl_typesupport_introspection_c
[11.250s] -- Found rosidl_adapter: 1.3.1 (/opt/ros/foxy/share/rosidl_adapter/cmake)
[12.323s] -- Found OpenSSL: /usr/lib/aarch64-linux-gnu/libcrypto.so (found version "1.1.1f")  
[12.462s] -- Found FastRTPS: /opt/ros/foxy/include  
[13.149s] -- Using all available rosidl_typesupport_cpp: rosidl_typesupport_fastrtps_cpp;rosidl_typesupport_introspection_cpp
[13.669s] -- Found rmw_implementation_cmake: 1.0.4 (/opt/ros/foxy/share/rmw_implementation_cmake/cmake)
[13.681s] -- Using RMW implementation 'rmw_fastrtps_cpp' as default
[13.832s] -- Looking for pthread.h
[14.411s] -- Looking for pthread.h - found
[14.413s] -- Performing Test CMAKE_HAVE_LIBC_PTHREAD
[15.066s] -- Performing Test CMAKE_HAVE_LIBC_PTHREAD - Failed
[15.067s] -- Looking for pthread_create in pthreads
[15.684s] -- Looking for pthread_create in pthreads - not found
[15.685s] -- Looking for pthread_create in pthread
[16.089s] -- Looking for pthread_create in pthread - found
[16.097s] -- Found Threads: TRUE  
[16.919s] -- Found ackermann_msgs: 2.0.2 (/opt/ros/foxy/share/ackermann_msgs/cmake)
[17.061s] -- Found ament_lint_auto: 0.9.8 (/opt/ros/foxy/share/ament_lint_auto/cmake)
[18.086s] -- Added test 'copyright' to check source files copyright and LICENSE
[18.096s] -- Added test 'cppcheck' to perform static code analysis on C / C++ code
[18.096s] -- Configured cppcheck include dirs: 
[18.098s] -- Configured cppcheck exclude dirs and/or files: 
[18.103s] -- Added test 'cpplint' to check C / C++ code against the Google style
[18.103s] -- Configured cpplint exclude dirs and/or files: 
[18.108s] -- Added test 'flake8' to check Python code syntax and style conventions
[18.112s] -- Added test 'lint_cmake' to check CMake code style
[18.116s] -- Added test 'pep257' to check Python code against some of the style conventions in PEP 257
[18.127s] -- Added test 'uncrustify' to check C / C++ code style
[18.127s] -- Configured uncrustify additional arguments: 
[18.131s] -- Added test 'xmllint' to check XML markup files
[18.153s] -- Configuring done
[18.197s] -- Generating done
[18.309s] -- Build files have been written to: /home/tada/f1tenth_tada/labs/lab1_ws/build/lab1_pkg
[18.341s] Invoked command in '/home/tada/f1tenth_tada/labs/lab1_ws/build/lab1_pkg' returned '0': CMAKE_PREFIX_PATH=${CMAKE_PREFIX_PATH}:/home/tada/f1tenth_ws/install/f1tenth_stack:/home/tada/f1tenth_ws/install/joy_teleop:/home/tada/f1tenth_ws/install/mouse_teleop:/home/tada/f1tenth_ws/install/key_teleop:/opt/ros/foxy /usr/bin/cmake /home/tada/f1tenth_tada/labs/lab1_ws/src/lab1_pkg -DCMAKE_INSTALL_PREFIX=/home/tada/f1tenth_tada/labs/lab1_ws/install/lab1_pkg
[18.353s] Invoking command in '/home/tada/f1tenth_tada/labs/lab1_ws/build/lab1_pkg': CMAKE_PREFIX_PATH=${CMAKE_PREFIX_PATH}:/home/tada/f1tenth_ws/install/f1tenth_stack:/home/tada/f1tenth_ws/install/joy_teleop:/home/tada/f1tenth_ws/install/mouse_teleop:/home/tada/f1tenth_ws/install/key_teleop:/opt/ros/foxy /usr/bin/cmake --build /home/tada/f1tenth_tada/labs/lab1_ws/build/lab1_pkg -- -j2 -l2
[18.572s] [35m[1mScanning dependencies of target talker[0m
[19.123s] [ 50%] [32mBuilding CXX object CMakeFiles/talker.dir/src/talker.cpp.o[0m
[33.851s] [100%] [32m[1mLinking CXX executable talker[0m
[35.162s] [100%] Built target talker
[35.315s] Invoked command in '/home/tada/f1tenth_tada/labs/lab1_ws/build/lab1_pkg' returned '0': CMAKE_PREFIX_PATH=${CMAKE_PREFIX_PATH}:/home/tada/f1tenth_ws/install/f1tenth_stack:/home/tada/f1tenth_ws/install/joy_teleop:/home/tada/f1tenth_ws/install/mouse_teleop:/home/tada/f1tenth_ws/install/key_teleop:/opt/ros/foxy /usr/bin/cmake --build /home/tada/f1tenth_tada/labs/lab1_ws/build/lab1_pkg -- -j2 -l2
[35.395s] Invoking command in '/home/tada/f1tenth_tada/labs/lab1_ws/build/lab1_pkg': CMAKE_PREFIX_PATH=${CMAKE_PREFIX_PATH}:/home/tada/f1tenth_ws/install/f1tenth_stack:/home/tada/f1tenth_ws/install/joy_teleop:/home/tada/f1tenth_ws/install/mouse_teleop:/home/tada/f1tenth_ws/install/key_teleop:/opt/ros/foxy /usr/bin/cmake --install /home/tada/f1tenth_tada/labs/lab1_ws/build/lab1_pkg
[35.437s] -- Install configuration: ""
[35.439s] -- Installing: /home/tada/f1tenth_tada/labs/lab1_ws/install/lab1_pkg/lib/lab1_pkg/talker
[35.450s] -- Set runtime path of "/home/tada/f1tenth_tada/labs/lab1_ws/install/lab1_pkg/lib/lab1_pkg/talker" to ""
[35.451s] -- Installing: /home/tada/f1tenth_tada/labs/lab1_ws/install/lab1_pkg/share/ament_index/resource_index/package_run_dependencies/lab1_pkg
[35.453s] -- Installing: /home/tada/f1tenth_tada/labs/lab1_ws/install/lab1_pkg/share/ament_index/resource_index/parent_prefix_path/lab1_pkg
[35.456s] -- Installing: /home/tada/f1tenth_tada/labs/lab1_ws/install/lab1_pkg/share/lab1_pkg/environment/ament_prefix_path.sh
[35.460s] -- Installing: /home/tada/f1tenth_tada/labs/lab1_ws/install/lab1_pkg/share/lab1_pkg/environment/ament_prefix_path.dsv
[35.462s] -- Installing: /home/tada/f1tenth_tada/labs/lab1_ws/install/lab1_pkg/share/lab1_pkg/environment/path.sh
[35.464s] -- Installing: /home/tada/f1tenth_tada/labs/lab1_ws/install/lab1_pkg/share/lab1_pkg/environment/path.dsv
[35.465s] -- Installing: /home/tada/f1tenth_tada/labs/lab1_ws/install/lab1_pkg/share/lab1_pkg/local_setup.bash
[35.467s] -- Installing: /home/tada/f1tenth_tada/labs/lab1_ws/install/lab1_pkg/share/lab1_pkg/local_setup.sh
[35.468s] -- Installing: /home/tada/f1tenth_tada/labs/lab1_ws/install/lab1_pkg/share/lab1_pkg/local_setup.zsh
[35.470s] -- Installing: /home/tada/f1tenth_tada/labs/lab1_ws/install/lab1_pkg/share/lab1_pkg/local_setup.dsv
[35.471s] -- Installing: /home/tada/f1tenth_tada/labs/lab1_ws/install/lab1_pkg/share/lab1_pkg/package.dsv
[35.473s] -- Installing: /home/tada/f1tenth_tada/labs/lab1_ws/install/lab1_pkg/share/ament_index/resource_index/packages/lab1_pkg
[35.482s] -- Installing: /home/tada/f1tenth_tada/labs/lab1_ws/install/lab1_pkg/share/lab1_pkg/cmake/lab1_pkgConfig.cmake
[35.483s] -- Installing: /home/tada/f1tenth_tada/labs/lab1_ws/install/lab1_pkg/share/lab1_pkg/cmake/lab1_pkgConfig-version.cmake
[35.485s] -- Installing: /home/tada/f1tenth_tada/labs/lab1_ws/install/lab1_pkg/share/lab1_pkg/package.xml
[35.496s] Invoked command in '/home/tada/f1tenth_tada/labs/lab1_ws/build/lab1_pkg' returned '0': CMAKE_PREFIX_PATH=${CMAKE_PREFIX_PATH}:/home/tada/f1tenth_ws/install/f1tenth_stack:/home/tada/f1tenth_ws/install/joy_teleop:/home/tada/f1tenth_ws/install/mouse_teleop:/home/tada/f1tenth_ws/install/key_teleop:/opt/ros/foxy /usr/bin/cmake --install /home/tada/f1tenth_tada/labs/lab1_ws/build/lab1_pkg
