[0.101s] Invoking command in '/home/dawgs_nx/dawgs_f1tenth/others/ros_tutorial/src/f1tenth_tada/labs/lab1_ws/build/lab1_pkg': CMAKE_PREFIX_PATH=${CMAKE_PREFIX_PATH}:/opt/ros/foxy /usr/bin/cmake --build /home/dawgs_nx/dawgs_f1tenth/others/ros_tutorial/src/f1tenth_tada/labs/lab1_ws/build/lab1_pkg -- -j6 -l6
[0.584s] [100%] Built target talker
[0.666s] Invoked command in '/home/dawgs_nx/dawgs_f1tenth/others/ros_tutorial/src/f1tenth_tada/labs/lab1_ws/build/lab1_pkg' returned '0': CMAKE_PREFIX_PATH=${CMAKE_PREFIX_PATH}:/opt/ros/foxy /usr/bin/cmake --build /home/dawgs_nx/dawgs_f1tenth/others/ros_tutorial/src/f1tenth_tada/labs/lab1_ws/build/lab1_pkg -- -j6 -l6
[0.775s] Invoking command in '/home/dawgs_nx/dawgs_f1tenth/others/ros_tutorial/src/f1tenth_tada/labs/lab1_ws/build/lab1_pkg': CMAKE_PREFIX_PATH=${CMAKE_PREFIX_PATH}:/opt/ros/foxy /usr/bin/cmake --install /home/dawgs_nx/dawgs_f1tenth/others/ros_tutorial/src/f1tenth_tada/labs/lab1_ws/build/lab1_pkg
[0.823s] -- Install configuration: ""
[0.828s] -- Execute custom install script
[0.833s] -- Up-to-date symlink: /home/dawgs_nx/dawgs_f1tenth/others/ros_tutorial/src/f1tenth_tada/labs/lab1_ws/install/lab1_pkg/lib/lab1_pkg/talker
[0.835s] -- Up-to-date symlink: /home/dawgs_nx/dawgs_f1tenth/others/ros_tutorial/src/f1tenth_tada/labs/lab1_ws/install/lab1_pkg/share/lab1_pkg/environment/pythonpath.sh
[0.838s] -- Up-to-date symlink: /home/dawgs_nx/dawgs_f1tenth/others/ros_tutorial/src/f1tenth_tada/labs/lab1_ws/install/lab1_pkg/share/lab1_pkg/environment/pythonpath.dsv
[0.844s] -- Up-to-date symlink: /home/dawgs_nx/dawgs_f1tenth/others/ros_tutorial/src/f1tenth_tada/labs/lab1_ws/install/lab1_pkg/lib/python3.8/site-packages/lab1_pkg/__init__.py
[0.850s] -- Up-to-date symlink: /home/dawgs_nx/dawgs_f1tenth/others/ros_tutorial/src/f1tenth_tada/labs/lab1_ws/install/lab1_pkg/lib/lab1_pkg/relay.py
[0.852s] -- Up-to-date symlink: /home/dawgs_nx/dawgs_f1tenth/others/ros_tutorial/src/f1tenth_tada/labs/lab1_ws/install/lab1_pkg/share/ament_index/resource_index/package_run_dependencies/lab1_pkg
[0.854s] -- Up-to-date symlink: /home/dawgs_nx/dawgs_f1tenth/others/ros_tutorial/src/f1tenth_tada/labs/lab1_ws/install/lab1_pkg/share/ament_index/resource_index/parent_prefix_path/lab1_pkg
[0.856s] -- Up-to-date symlink: /home/dawgs_nx/dawgs_f1tenth/others/ros_tutorial/src/f1tenth_tada/labs/lab1_ws/install/lab1_pkg/share/lab1_pkg/environment/ament_prefix_path.sh
[0.859s] -- Up-to-date symlink: /home/dawgs_nx/dawgs_f1tenth/others/ros_tutorial/src/f1tenth_tada/labs/lab1_ws/install/lab1_pkg/share/lab1_pkg/environment/ament_prefix_path.dsv
[0.863s] -- Up-to-date symlink: /home/dawgs_nx/dawgs_f1tenth/others/ros_tutorial/src/f1tenth_tada/labs/lab1_ws/install/lab1_pkg/share/lab1_pkg/environment/path.sh
[0.865s] -- Up-to-date symlink: /home/dawgs_nx/dawgs_f1tenth/others/ros_tutorial/src/f1tenth_tada/labs/lab1_ws/install/lab1_pkg/share/lab1_pkg/environment/path.dsv
[0.866s] -- Up-to-date symlink: /home/dawgs_nx/dawgs_f1tenth/others/ros_tutorial/src/f1tenth_tada/labs/lab1_ws/install/lab1_pkg/share/lab1_pkg/local_setup.bash
[0.868s] -- Up-to-date symlink: /home/dawgs_nx/dawgs_f1tenth/others/ros_tutorial/src/f1tenth_tada/labs/lab1_ws/install/lab1_pkg/share/lab1_pkg/local_setup.sh
[0.870s] -- Up-to-date symlink: /home/dawgs_nx/dawgs_f1tenth/others/ros_tutorial/src/f1tenth_tada/labs/lab1_ws/install/lab1_pkg/share/lab1_pkg/local_setup.zsh
[0.873s] -- Up-to-date symlink: /home/dawgs_nx/dawgs_f1tenth/others/ros_tutorial/src/f1tenth_tada/labs/lab1_ws/install/lab1_pkg/share/lab1_pkg/local_setup.dsv
[0.874s] -- Symlinking: /home/dawgs_nx/dawgs_f1tenth/others/ros_tutorial/src/f1tenth_tada/labs/lab1_ws/install/lab1_pkg/share/lab1_pkg/package.dsv
[0.950s] -- Up-to-date symlink: /home/dawgs_nx/dawgs_f1tenth/others/ros_tutorial/src/f1tenth_tada/labs/lab1_ws/install/lab1_pkg/share/ament_index/resource_index/packages/lab1_pkg
[0.952s] -- Up-to-date symlink: /home/dawgs_nx/dawgs_f1tenth/others/ros_tutorial/src/f1tenth_tada/labs/lab1_ws/install/lab1_pkg/share/lab1_pkg/cmake/lab1_pkgConfig.cmake
[0.954s] -- Up-to-date symlink: /home/dawgs_nx/dawgs_f1tenth/others/ros_tutorial/src/f1tenth_tada/labs/lab1_ws/install/lab1_pkg/share/lab1_pkg/cmake/lab1_pkgConfig-version.cmake
[0.956s] -- Up-to-date symlink: /home/dawgs_nx/dawgs_f1tenth/others/ros_tutorial/src/f1tenth_tada/labs/lab1_ws/install/lab1_pkg/share/lab1_pkg/package.xml
[1.186s] Listing '/home/dawgs_nx/dawgs_f1tenth/others/ros_tutorial/src/f1tenth_tada/labs/lab1_ws/install/lab1_pkg/lib/python3.8/site-packages/lab1_pkg'...
[1.223s] Invoked command in '/home/dawgs_nx/dawgs_f1tenth/others/ros_tutorial/src/f1tenth_tada/labs/lab1_ws/build/lab1_pkg' returned '0': CMAKE_PREFIX_PATH=${CMAKE_PREFIX_PATH}:/opt/ros/foxy /usr/bin/cmake --install /home/dawgs_nx/dawgs_f1tenth/others/ros_tutorial/src/f1tenth_tada/labs/lab1_ws/build/lab1_pkg
