[0.086s] Invoking command in '/home/tada/Repository/f1tenth_tada/labs/lab1_ws/build/lab1_pkg': CMAKE_PREFIX_PATH=/opt/ros/foxy /usr/bin/cmake --build /home/tada/Repository/f1tenth_tada/labs/lab1_ws/build/lab1_pkg -- -j4 -l4
[0.381s] [100%] Built target talker
[0.433s] Invoked command in '/home/tada/Repository/f1tenth_tada/labs/lab1_ws/build/lab1_pkg' returned '0': CMAKE_PREFIX_PATH=/opt/ros/foxy /usr/bin/cmake --build /home/tada/Repository/f1tenth_tada/labs/lab1_ws/build/lab1_pkg -- -j4 -l4
[0.494s] Invoking command in '/home/tada/Repository/f1tenth_tada/labs/lab1_ws/build/lab1_pkg': CMAKE_PREFIX_PATH=/opt/ros/foxy /usr/bin/cmake --install /home/tada/Repository/f1tenth_tada/labs/lab1_ws/build/lab1_pkg
[0.530s] -- Install configuration: ""
[0.532s] -- Up-to-date: /home/tada/Repository/f1tenth_tada/labs/lab1_ws/install/lab1_pkg/lib/lab1_pkg/talker
[0.536s] -- Up-to-date: /home/tada/Repository/f1tenth_tada/labs/lab1_ws/install/lab1_pkg/share/lab1_pkg/environment/pythonpath.sh
[0.536s] -- Up-to-date: /home/tada/Repository/f1tenth_tada/labs/lab1_ws/install/lab1_pkg/share/lab1_pkg/environment/pythonpath.dsv
[0.537s] -- Up-to-date: /home/tada/Repository/f1tenth_tada/labs/lab1_ws/install/lab1_pkg/lib/python3.8/site-packages/lab1_pkg
[0.537s] -- Up-to-date: /home/tada/Repository/f1tenth_tada/labs/lab1_ws/install/lab1_pkg/lib/python3.8/site-packages/lab1_pkg/relay.py
[0.538s] -- Up-to-date: /home/tada/Repository/f1tenth_tada/labs/lab1_ws/install/lab1_pkg/lib/python3.8/site-packages/lab1_pkg/__init__.py
[0.687s] Listing '/home/tada/Repository/f1tenth_tada/labs/lab1_ws/install/lab1_pkg/lib/python3.8/site-packages/lab1_pkg'...
[0.706s] -- Up-to-date: /home/tada/Repository/f1tenth_tada/labs/lab1_ws/install/lab1_pkg/lib/lab1_pkg/relay.py
[0.708s] -- Up-to-date: /home/tada/Repository/f1tenth_tada/labs/lab1_ws/install/lab1_pkg/share/ament_index/resource_index/package_run_dependencies/lab1_pkg
[0.709s] -- Up-to-date: /home/tada/Repository/f1tenth_tada/labs/lab1_ws/install/lab1_pkg/share/ament_index/resource_index/parent_prefix_path/lab1_pkg
[0.709s] -- Up-to-date: /home/tada/Repository/f1tenth_tada/labs/lab1_ws/install/lab1_pkg/share/lab1_pkg/environment/ament_prefix_path.sh
[0.709s] -- Up-to-date: /home/tada/Repository/f1tenth_tada/labs/lab1_ws/install/lab1_pkg/share/lab1_pkg/environment/ament_prefix_path.dsv
[0.710s] -- Up-to-date: /home/tada/Repository/f1tenth_tada/labs/lab1_ws/install/lab1_pkg/share/lab1_pkg/environment/path.sh
[0.711s] -- Up-to-date: /home/tada/Repository/f1tenth_tada/labs/lab1_ws/install/lab1_pkg/share/lab1_pkg/environment/path.dsv
[0.717s] -- Up-to-date: /home/tada/Repository/f1tenth_tada/labs/lab1_ws/install/lab1_pkg/share/lab1_pkg/local_setup.bash
[0.718s] -- Up-to-date: /home/tada/Repository/f1tenth_tada/labs/lab1_ws/install/lab1_pkg/share/lab1_pkg/local_setup.sh
[0.718s] -- Up-to-date: /home/tada/Repository/f1tenth_tada/labs/lab1_ws/install/lab1_pkg/share/lab1_pkg/local_setup.zsh
[0.718s] -- Up-to-date: /home/tada/Repository/f1tenth_tada/labs/lab1_ws/install/lab1_pkg/share/lab1_pkg/local_setup.dsv
[0.718s] -- Installing: /home/tada/Repository/f1tenth_tada/labs/lab1_ws/install/lab1_pkg/share/lab1_pkg/package.dsv
[0.719s] -- Up-to-date: /home/tada/Repository/f1tenth_tada/labs/lab1_ws/install/lab1_pkg/share/ament_index/resource_index/packages/lab1_pkg
[0.719s] -- Up-to-date: /home/tada/Repository/f1tenth_tada/labs/lab1_ws/install/lab1_pkg/share/lab1_pkg/cmake/lab1_pkgConfig.cmake
[0.721s] -- Up-to-date: /home/tada/Repository/f1tenth_tada/labs/lab1_ws/install/lab1_pkg/share/lab1_pkg/cmake/lab1_pkgConfig-version.cmake
[0.722s] -- Up-to-date: /home/tada/Repository/f1tenth_tada/labs/lab1_ws/install/lab1_pkg/share/lab1_pkg/package.xml
[0.746s] Invoked command in '/home/tada/Repository/f1tenth_tada/labs/lab1_ws/build/lab1_pkg' returned '0': CMAKE_PREFIX_PATH=/opt/ros/foxy /usr/bin/cmake --install /home/tada/Repository/f1tenth_tada/labs/lab1_ws/build/lab1_pkg
