[0.191s] Invoking command in '/home/tada/Repository/f1tenth_tada/labs/lab1_ws/build/lab1_pkg': CMAKE_PREFIX_PATH=/opt/ros/foxy /usr/bin/cmake --build /home/tada/Repository/f1tenth_tada/labs/lab1_ws/build/lab1_pkg -- -j4 -l4
[0.598s] [100%] Built target talker
[0.652s] Invoked command in '/home/tada/Repository/f1tenth_tada/labs/lab1_ws/build/lab1_pkg' returned '0': CMAKE_PREFIX_PATH=/opt/ros/foxy /usr/bin/cmake --build /home/tada/Repository/f1tenth_tada/labs/lab1_ws/build/lab1_pkg -- -j4 -l4
[0.713s] Invoking command in '/home/tada/Repository/f1tenth_tada/labs/lab1_ws/build/lab1_pkg': CMAKE_PREFIX_PATH=/opt/ros/foxy /usr/bin/cmake --install /home/tada/Repository/f1tenth_tada/labs/lab1_ws/build/lab1_pkg
[0.748s] -- Install configuration: ""
[0.751s] -- Up-to-date: /home/tada/Repository/f1tenth_tada/labs/lab1_ws/install/lab1_pkg/lib/lab1_pkg/talker
[0.753s] -- Up-to-date: /home/tada/Repository/f1tenth_tada/labs/lab1_ws/install/lab1_pkg/share/lab1_pkg/environment/pythonpath.sh
[0.754s] -- Up-to-date: /home/tada/Repository/f1tenth_tada/labs/lab1_ws/install/lab1_pkg/share/lab1_pkg/environment/pythonpath.dsv
[0.757s] -- Up-to-date: /home/tada/Repository/f1tenth_tada/labs/lab1_ws/install/lab1_pkg/lib/python3.8/site-packages/lab1_pkg
[0.758s] -- Up-to-date: /home/tada/Repository/f1tenth_tada/labs/lab1_ws/install/lab1_pkg/lib/python3.8/site-packages/lab1_pkg/relay.py
[0.759s] -- Up-to-date: /home/tada/Repository/f1tenth_tada/labs/lab1_ws/install/lab1_pkg/lib/python3.8/site-packages/lab1_pkg/__init__.py
[0.880s] Listing '/home/tada/Repository/f1tenth_tada/labs/lab1_ws/install/lab1_pkg/lib/python3.8/site-packages/lab1_pkg'...
[0.895s] -- Up-to-date: /home/tada/Repository/f1tenth_tada/labs/lab1_ws/install/lab1_pkg/lib/lab1_pkg/relay.py
[0.895s] -- Up-to-date: /home/tada/Repository/f1tenth_tada/labs/lab1_ws/install/lab1_pkg/share/ament_index/resource_index/package_run_dependencies/lab1_pkg
[0.896s] -- Up-to-date: /home/tada/Repository/f1tenth_tada/labs/lab1_ws/install/lab1_pkg/share/ament_index/resource_index/parent_prefix_path/lab1_pkg
[0.896s] -- Up-to-date: /home/tada/Repository/f1tenth_tada/labs/lab1_ws/install/lab1_pkg/share/lab1_pkg/environment/ament_prefix_path.sh
[0.897s] -- Up-to-date: /home/tada/Repository/f1tenth_tada/labs/lab1_ws/install/lab1_pkg/share/lab1_pkg/environment/ament_prefix_path.dsv
[0.898s] -- Up-to-date: /home/tada/Repository/f1tenth_tada/labs/lab1_ws/install/lab1_pkg/share/lab1_pkg/environment/path.sh
[0.899s] -- Up-to-date: /home/tada/Repository/f1tenth_tada/labs/lab1_ws/install/lab1_pkg/share/lab1_pkg/environment/path.dsv
[0.899s] -- Up-to-date: /home/tada/Repository/f1tenth_tada/labs/lab1_ws/install/lab1_pkg/share/lab1_pkg/local_setup.bash
[0.900s] -- Up-to-date: /home/tada/Repository/f1tenth_tada/labs/lab1_ws/install/lab1_pkg/share/lab1_pkg/local_setup.sh
[0.900s] -- Up-to-date: /home/tada/Repository/f1tenth_tada/labs/lab1_ws/install/lab1_pkg/share/lab1_pkg/local_setup.zsh
[0.900s] -- Up-to-date: /home/tada/Repository/f1tenth_tada/labs/lab1_ws/install/lab1_pkg/share/lab1_pkg/local_setup.dsv
[0.901s] -- Installing: /home/tada/Repository/f1tenth_tada/labs/lab1_ws/install/lab1_pkg/share/lab1_pkg/package.dsv
[0.901s] -- Up-to-date: /home/tada/Repository/f1tenth_tada/labs/lab1_ws/install/lab1_pkg/share/ament_index/resource_index/packages/lab1_pkg
[0.902s] -- Up-to-date: /home/tada/Repository/f1tenth_tada/labs/lab1_ws/install/lab1_pkg/share/lab1_pkg/cmake/lab1_pkgConfig.cmake
[0.902s] -- Up-to-date: /home/tada/Repository/f1tenth_tada/labs/lab1_ws/install/lab1_pkg/share/lab1_pkg/cmake/lab1_pkgConfig-version.cmake
[0.903s] -- Up-to-date: /home/tada/Repository/f1tenth_tada/labs/lab1_ws/install/lab1_pkg/share/lab1_pkg/package.xml
[0.919s] Invoked command in '/home/tada/Repository/f1tenth_tada/labs/lab1_ws/build/lab1_pkg' returned '0': CMAKE_PREFIX_PATH=/opt/ros/foxy /usr/bin/cmake --install /home/tada/Repository/f1tenth_tada/labs/lab1_ws/build/lab1_pkg
