-- The C compiler identification is GNU 9.4.0
-- The CXX compiler identification is GNU 9.4.0
-- Check for working C compiler: /usr/bin/cc
-- Check for working C compiler: /usr/bin/cc -- works
-- Detecting C compiler ABI info
-- Detecting C compiler ABI info - done
-- Detecting C compile features
-- Detecting C compile features - done
-- Check for working CXX compiler: /usr/bin/c++
-- Check for working CXX compiler: /usr/bin/c++ -- works
-- Detecting CXX compiler ABI info
-- Detecting CXX compiler ABI info - done
-- Detecting CXX compile features
-- Detecting CXX compile features - done
-- Found ament_cmake: 0.9.12 (/opt/ros/foxy/share/ament_cmake/cmake)
-- Found PythonInterp: /usr/bin/python3 (found suitable version "3.8.10", minimum required is "3") 
-- Using PYTHON_EXECUTABLE: /usr/bin/python3
-- Override CMake install command with custom implementation using symlinks instead of copying resources
-- Found rclpy: 1.0.13 (/opt/ros/foxy/share/rclpy/cmake)
-- Found rclcpp: 2.4.3 (/opt/ros/foxy/share/rclcpp/cmake)
-- Using all available rosidl_typesupport_c: rosidl_typesupport_fastrtps_c;rosidl_typesupport_introspection_c
-- Found rosidl_adapter: 1.3.1 (/opt/ros/foxy/share/rosidl_adapter/cmake)
-- Found OpenSSL: /usr/lib/aarch64-linux-gnu/libcrypto.so (found version "1.1.1f")  
-- Found FastRTPS: /opt/ros/foxy/include  
-- Using all available rosidl_typesupport_cpp: rosidl_typesupport_fastrtps_cpp;rosidl_typesupport_introspection_cpp
-- Found rmw_implementation_cmake: 1.0.4 (/opt/ros/foxy/share/rmw_implementation_cmake/cmake)
-- Using RMW implementation 'rmw_cyclonedds_cpp' as default
-- Looking for pthread.h
-- Looking for pthread.h - found
-- Performing Test CMAKE_HAVE_LIBC_PTHREAD
-- Performing Test CMAKE_HAVE_LIBC_PTHREAD - Failed
-- Looking for pthread_create in pthreads
-- Looking for pthread_create in pthreads - not found
-- Looking for pthread_create in pthread
-- Looking for pthread_create in pthread - found
-- Found Threads: TRUE  
-- Found ackermann_msgs: 2.0.2 (/opt/ros/foxy/share/ackermann_msgs/cmake)
-- Found ament_lint_auto: 0.9.8 (/opt/ros/foxy/share/ament_lint_auto/cmake)
-- Added test 'copyright' to check source files copyright and LICENSE
-- Added test 'cppcheck' to perform static code analysis on C / C++ code
-- Configured cppcheck include dirs: 
-- Configured cppcheck exclude dirs and/or files: 
-- Added test 'cpplint' to check C / C++ code against the Google style
-- Configured cpplint exclude dirs and/or files: 
-- Added test 'flake8' to check Python code syntax and style conventions
-- Added test 'lint_cmake' to check CMake code style
-- Added test 'pep257' to check Python code against some of the style conventions in PEP 257
-- Added test 'uncrustify' to check C / C++ code style
-- Configured uncrustify additional arguments: 
-- Added test 'xmllint' to check XML markup files
-- Configuring done
-- Generating done
-- Build files have been written to: /home/dawgs_nx/dawgs_f1tenth/others/ros_tutorial/src/f1tenth_tada/labs/lab1_ws/build/lab1_pkg
[35m[1mScanning dependencies of target talker[0m
[ 50%] [32mBuilding CXX object CMakeFiles/talker.dir/src/talker.cpp.o[0m
[100%] [32m[1mLinking CXX executable talker[0m
[100%] Built target talker
-- Install configuration: ""
-- Execute custom install script
-- Symlinking: /home/dawgs_nx/dawgs_f1tenth/others/ros_tutorial/src/f1tenth_tada/labs/lab1_ws/install/lab1_pkg/lib/lab1_pkg/talker
-- Symlinking: /home/dawgs_nx/dawgs_f1tenth/others/ros_tutorial/src/f1tenth_tada/labs/lab1_ws/install/lab1_pkg/share/lab1_pkg/environment/pythonpath.sh
-- Symlinking: /home/dawgs_nx/dawgs_f1tenth/others/ros_tutorial/src/f1tenth_tada/labs/lab1_ws/install/lab1_pkg/share/lab1_pkg/environment/pythonpath.dsv
-- Symlinking: /home/dawgs_nx/dawgs_f1tenth/others/ros_tutorial/src/f1tenth_tada/labs/lab1_ws/install/lab1_pkg/lib/python3.8/site-packages/lab1_pkg/__init__.py
-- Symlinking: /home/dawgs_nx/dawgs_f1tenth/others/ros_tutorial/src/f1tenth_tada/labs/lab1_ws/install/lab1_pkg/lib/lab1_pkg/relay.py
-- Symlinking: /home/dawgs_nx/dawgs_f1tenth/others/ros_tutorial/src/f1tenth_tada/labs/lab1_ws/install/lab1_pkg/share/ament_index/resource_index/package_run_dependencies/lab1_pkg
-- Symlinking: /home/dawgs_nx/dawgs_f1tenth/others/ros_tutorial/src/f1tenth_tada/labs/lab1_ws/install/lab1_pkg/share/ament_index/resource_index/parent_prefix_path/lab1_pkg
-- Symlinking: /home/dawgs_nx/dawgs_f1tenth/others/ros_tutorial/src/f1tenth_tada/labs/lab1_ws/install/lab1_pkg/share/lab1_pkg/environment/ament_prefix_path.sh
-- Symlinking: /home/dawgs_nx/dawgs_f1tenth/others/ros_tutorial/src/f1tenth_tada/labs/lab1_ws/install/lab1_pkg/share/lab1_pkg/environment/ament_prefix_path.dsv
-- Symlinking: /home/dawgs_nx/dawgs_f1tenth/others/ros_tutorial/src/f1tenth_tada/labs/lab1_ws/install/lab1_pkg/share/lab1_pkg/environment/path.sh
-- Symlinking: /home/dawgs_nx/dawgs_f1tenth/others/ros_tutorial/src/f1tenth_tada/labs/lab1_ws/install/lab1_pkg/share/lab1_pkg/environment/path.dsv
-- Symlinking: /home/dawgs_nx/dawgs_f1tenth/others/ros_tutorial/src/f1tenth_tada/labs/lab1_ws/install/lab1_pkg/share/lab1_pkg/local_setup.bash
-- Symlinking: /home/dawgs_nx/dawgs_f1tenth/others/ros_tutorial/src/f1tenth_tada/labs/lab1_ws/install/lab1_pkg/share/lab1_pkg/local_setup.sh
-- Symlinking: /home/dawgs_nx/dawgs_f1tenth/others/ros_tutorial/src/f1tenth_tada/labs/lab1_ws/install/lab1_pkg/share/lab1_pkg/local_setup.zsh
-- Symlinking: /home/dawgs_nx/dawgs_f1tenth/others/ros_tutorial/src/f1tenth_tada/labs/lab1_ws/install/lab1_pkg/share/lab1_pkg/local_setup.dsv
-- Symlinking: /home/dawgs_nx/dawgs_f1tenth/others/ros_tutorial/src/f1tenth_tada/labs/lab1_ws/install/lab1_pkg/share/lab1_pkg/package.dsv
-- Symlinking: /home/dawgs_nx/dawgs_f1tenth/others/ros_tutorial/src/f1tenth_tada/labs/lab1_ws/install/lab1_pkg/share/ament_index/resource_index/packages/lab1_pkg
-- Symlinking: /home/dawgs_nx/dawgs_f1tenth/others/ros_tutorial/src/f1tenth_tada/labs/lab1_ws/install/lab1_pkg/share/lab1_pkg/cmake/lab1_pkgConfig.cmake
-- Symlinking: /home/dawgs_nx/dawgs_f1tenth/others/ros_tutorial/src/f1tenth_tada/labs/lab1_ws/install/lab1_pkg/share/lab1_pkg/cmake/lab1_pkgConfig-version.cmake
-- Symlinking: /home/dawgs_nx/dawgs_f1tenth/others/ros_tutorial/src/f1tenth_tada/labs/lab1_ws/install/lab1_pkg/share/lab1_pkg/package.xml
Listing '/home/dawgs_nx/dawgs_f1tenth/others/ros_tutorial/src/f1tenth_tada/labs/lab1_ws/install/lab1_pkg/lib/python3.8/site-packages/lab1_pkg'...
Compiling '/home/dawgs_nx/dawgs_f1tenth/others/ros_tutorial/src/f1tenth_tada/labs/lab1_ws/install/lab1_pkg/lib/python3.8/site-packages/lab1_pkg/__init__.py'...
