[35m[1mScanning dependencies of target talker[0m
[ 50%] [32mBuilding CXX object CMakeFiles/talker.dir/src/talker.cpp.o[0m
[100%] [32m[1mLinking CXX executable talker[0m
[100%] Built target talker
-- Install configuration: ""
-- Installing: /home/tada/Repository/f1tenth_tada/labs/lab1_ws/install/lab1_pkg/lib/lab1_pkg/talker
-- Set runtime path of "/home/tada/Repository/f1tenth_tada/labs/lab1_ws/install/lab1_pkg/lib/lab1_pkg/talker" to ""
-- Installing: /home/tada/Repository/f1tenth_tada/labs/lab1_ws/install/lab1_pkg/share/lab1_pkg/environment/pythonpath.sh
-- Installing: /home/tada/Repository/f1tenth_tada/labs/lab1_ws/install/lab1_pkg/share/lab1_pkg/environment/pythonpath.dsv
-- Installing: /home/tada/Repository/f1tenth_tada/labs/lab1_ws/install/lab1_pkg/lib/python3.8/site-packages/lab1_pkg
-- Installing: /home/tada/Repository/f1tenth_tada/labs/lab1_ws/install/lab1_pkg/lib/python3.8/site-packages/lab1_pkg/relay.py
-- Installing: /home/tada/Repository/f1tenth_tada/labs/lab1_ws/install/lab1_pkg/lib/python3.8/site-packages/lab1_pkg/__init__.py
Listing '/home/tada/Repository/f1tenth_tada/labs/lab1_ws/install/lab1_pkg/lib/python3.8/site-packages/lab1_pkg'...
Compiling '/home/tada/Repository/f1tenth_tada/labs/lab1_ws/install/lab1_pkg/lib/python3.8/site-packages/lab1_pkg/__init__.py'...
Compiling '/home/tada/Repository/f1tenth_tada/labs/lab1_ws/install/lab1_pkg/lib/python3.8/site-packages/lab1_pkg/relay.py'...
-- Installing: /home/tada/Repository/f1tenth_tada/labs/lab1_ws/install/lab1_pkg/lib/lab1_pkg/relay.py
-- Installing: /home/tada/Repository/f1tenth_tada/labs/lab1_ws/install/lab1_pkg/share/ament_index/resource_index/package_run_dependencies/lab1_pkg
-- Installing: /home/tada/Repository/f1tenth_tada/labs/lab1_ws/install/lab1_pkg/share/ament_index/resource_index/parent_prefix_path/lab1_pkg
-- Installing: /home/tada/Repository/f1tenth_tada/labs/lab1_ws/install/lab1_pkg/share/lab1_pkg/environment/ament_prefix_path.sh
-- Installing: /home/tada/Repository/f1tenth_tada/labs/lab1_ws/install/lab1_pkg/share/lab1_pkg/environment/ament_prefix_path.dsv
-- Installing: /home/tada/Repository/f1tenth_tada/labs/lab1_ws/install/lab1_pkg/share/lab1_pkg/environment/path.sh
-- Installing: /home/tada/Repository/f1tenth_tada/labs/lab1_ws/install/lab1_pkg/share/lab1_pkg/environment/path.dsv
-- Installing: /home/tada/Repository/f1tenth_tada/labs/lab1_ws/install/lab1_pkg/share/lab1_pkg/local_setup.bash
-- Installing: /home/tada/Repository/f1tenth_tada/labs/lab1_ws/install/lab1_pkg/share/lab1_pkg/local_setup.sh
-- Installing: /home/tada/Repository/f1tenth_tada/labs/lab1_ws/install/lab1_pkg/share/lab1_pkg/local_setup.zsh
-- Installing: /home/tada/Repository/f1tenth_tada/labs/lab1_ws/install/lab1_pkg/share/lab1_pkg/local_setup.dsv
-- Installing: /home/tada/Repository/f1tenth_tada/labs/lab1_ws/install/lab1_pkg/share/lab1_pkg/package.dsv
-- Installing: /home/tada/Repository/f1tenth_tada/labs/lab1_ws/install/lab1_pkg/share/ament_index/resource_index/packages/lab1_pkg
-- Installing: /home/tada/Repository/f1tenth_tada/labs/lab1_ws/install/lab1_pkg/share/lab1_pkg/cmake/lab1_pkgConfig.cmake
-- Installing: /home/tada/Repository/f1tenth_tada/labs/lab1_ws/install/lab1_pkg/share/lab1_pkg/cmake/lab1_pkgConfig-version.cmake
-- Installing: /home/tada/Repository/f1tenth_tada/labs/lab1_ws/install/lab1_pkg/share/lab1_pkg/package.xml
