[0.065s] Invoking command in '/home/tada/Repository/f1tenth_tada/labs/lab1_ws/build/lab1_pkg': CMAKE_PREFIX_PATH=/opt/ros/foxy /usr/bin/cmake --build /home/tada/Repository/f1tenth_tada/labs/lab1_ws/build/lab1_pkg -- -j4 -l4
[0.339s] [35m[1mScanning dependencies of target talker[0m
[0.547s] [ 50%] [32mBuilding CXX object CMakeFiles/talker.dir/src/talker.cpp.o[0m
[13.403s] [100%] [32m[1mLinking CXX executable talker[0m
[14.230s] [100%] Built target talker
[14.356s] Invoked command in '/home/tada/Repository/f1tenth_tada/labs/lab1_ws/build/lab1_pkg' returned '0': CMAKE_PREFIX_PATH=/opt/ros/foxy /usr/bin/cmake --build /home/tada/Repository/f1tenth_tada/labs/lab1_ws/build/lab1_pkg -- -j4 -l4
[14.433s] Invoking command in '/home/tada/Repository/f1tenth_tada/labs/lab1_ws/build/lab1_pkg': CMAKE_PREFIX_PATH=/opt/ros/foxy /usr/bin/cmake --install /home/tada/Repository/f1tenth_tada/labs/lab1_ws/build/lab1_pkg
[14.488s] -- Install configuration: ""
[14.489s] -- Installing: /home/tada/Repository/f1tenth_tada/labs/lab1_ws/install/lab1_pkg/lib/lab1_pkg/talker
[14.498s] -- Set runtime path of "/home/tada/Repository/f1tenth_tada/labs/lab1_ws/install/lab1_pkg/lib/lab1_pkg/talker" to ""
[14.499s] -- Installing: /home/tada/Repository/f1tenth_tada/labs/lab1_ws/install/lab1_pkg/share/lab1_pkg/environment/pythonpath.sh
[14.499s] -- Installing: /home/tada/Repository/f1tenth_tada/labs/lab1_ws/install/lab1_pkg/share/lab1_pkg/environment/pythonpath.dsv
[14.500s] -- Installing: /home/tada/Repository/f1tenth_tada/labs/lab1_ws/install/lab1_pkg/lib/python3.8/site-packages/lab1_pkg
[14.501s] -- Installing: /home/tada/Repository/f1tenth_tada/labs/lab1_ws/install/lab1_pkg/lib/python3.8/site-packages/lab1_pkg/relay.py
[14.503s] -- Installing: /home/tada/Repository/f1tenth_tada/labs/lab1_ws/install/lab1_pkg/lib/python3.8/site-packages/lab1_pkg/__init__.py
[14.648s] Listing '/home/tada/Repository/f1tenth_tada/labs/lab1_ws/install/lab1_pkg/lib/python3.8/site-packages/lab1_pkg'...
[14.649s] Compiling '/home/tada/Repository/f1tenth_tada/labs/lab1_ws/install/lab1_pkg/lib/python3.8/site-packages/lab1_pkg/__init__.py'...
[14.649s] Compiling '/home/tada/Repository/f1tenth_tada/labs/lab1_ws/install/lab1_pkg/lib/python3.8/site-packages/lab1_pkg/relay.py'...
[14.669s] -- Installing: /home/tada/Repository/f1tenth_tada/labs/lab1_ws/install/lab1_pkg/lib/lab1_pkg/relay.py
[14.670s] -- Installing: /home/tada/Repository/f1tenth_tada/labs/lab1_ws/install/lab1_pkg/share/ament_index/resource_index/package_run_dependencies/lab1_pkg
[14.671s] -- Installing: /home/tada/Repository/f1tenth_tada/labs/lab1_ws/install/lab1_pkg/share/ament_index/resource_index/parent_prefix_path/lab1_pkg
[14.674s] -- Installing: /home/tada/Repository/f1tenth_tada/labs/lab1_ws/install/lab1_pkg/share/lab1_pkg/environment/ament_prefix_path.sh
[14.674s] -- Installing: /home/tada/Repository/f1tenth_tada/labs/lab1_ws/install/lab1_pkg/share/lab1_pkg/environment/ament_prefix_path.dsv
[14.675s] -- Installing: /home/tada/Repository/f1tenth_tada/labs/lab1_ws/install/lab1_pkg/share/lab1_pkg/environment/path.sh
[14.676s] -- Installing: /home/tada/Repository/f1tenth_tada/labs/lab1_ws/install/lab1_pkg/share/lab1_pkg/environment/path.dsv
[14.677s] -- Installing: /home/tada/Repository/f1tenth_tada/labs/lab1_ws/install/lab1_pkg/share/lab1_pkg/local_setup.bash
[14.678s] -- Installing: /home/tada/Repository/f1tenth_tada/labs/lab1_ws/install/lab1_pkg/share/lab1_pkg/local_setup.sh
[14.680s] -- Installing: /home/tada/Repository/f1tenth_tada/labs/lab1_ws/install/lab1_pkg/share/lab1_pkg/local_setup.zsh
[14.682s] -- Installing: /home/tada/Repository/f1tenth_tada/labs/lab1_ws/install/lab1_pkg/share/lab1_pkg/local_setup.dsv
[14.684s] -- Installing: /home/tada/Repository/f1tenth_tada/labs/lab1_ws/install/lab1_pkg/share/lab1_pkg/package.dsv
[14.686s] -- Installing: /home/tada/Repository/f1tenth_tada/labs/lab1_ws/install/lab1_pkg/share/ament_index/resource_index/packages/lab1_pkg
[14.689s] -- Installing: /home/tada/Repository/f1tenth_tada/labs/lab1_ws/install/lab1_pkg/share/lab1_pkg/cmake/lab1_pkgConfig.cmake
[14.691s] -- Installing: /home/tada/Repository/f1tenth_tada/labs/lab1_ws/install/lab1_pkg/share/lab1_pkg/cmake/lab1_pkgConfig-version.cmake
[14.693s] -- Installing: /home/tada/Repository/f1tenth_tada/labs/lab1_ws/install/lab1_pkg/share/lab1_pkg/package.xml
[14.711s] Invoked command in '/home/tada/Repository/f1tenth_tada/labs/lab1_ws/build/lab1_pkg' returned '0': CMAKE_PREFIX_PATH=/opt/ros/foxy /usr/bin/cmake --install /home/tada/Repository/f1tenth_tada/labs/lab1_ws/build/lab1_pkg
