[0.062s] Invoking command in '/home/tada/Repository/f1tenth_tada/labs/lab1_ws/build/lab1_pkg': CMAKE_PREFIX_PATH=/opt/ros/foxy /usr/bin/cmake /home/tada/Repository/f1tenth_tada/labs/lab1_ws/src/lab1_pkg -DCMAKE_INSTALL_PREFIX=/home/tada/Repository/f1tenth_tada/labs/lab1_ws/install/lab1_pkg
[0.554s] -- The C compiler identification is GNU 9.4.0
[0.955s] -- The CXX compiler identification is GNU 9.4.0
[0.980s] -- Check for working C compiler: /usr/bin/cc
[1.349s] -- Check for working C compiler: /usr/bin/cc -- works
[1.354s] -- Detecting C compiler ABI info
[1.720s] -- Detecting C compiler ABI info - done
[1.794s] -- Detecting C compile features
[1.798s] -- Detecting C compile features - done
[1.810s] -- Check for working CXX compiler: /usr/bin/c++
[2.211s] -- Check for working CXX compiler: /usr/bin/c++ -- works
[2.217s] -- Detecting CXX compiler ABI info
[2.748s] -- Detecting CXX compiler ABI info - done
[2.825s] -- Detecting CXX compile features
[2.834s] -- Detecting CXX compile features - done
[2.986s] -- Found ament_cmake: 0.9.12 (/opt/ros/foxy/share/ament_cmake/cmake)
[3.239s] -- Found PythonInterp: /usr/bin/python3 (found suitable version "3.8.10", minimum required is "3") 
[3.240s] -- Using PYTHON_EXECUTABLE: /usr/bin/python3
[4.563s] -- Found rclpy: 1.0.13 (/opt/ros/foxy/share/rclpy/cmake)
[4.572s] -- Found rclcpp: 2.4.3 (/opt/ros/foxy/share/rclcpp/cmake)
[4.956s] -- Using all available rosidl_typesupport_c: rosidl_typesupport_fastrtps_c;rosidl_typesupport_introspection_c
[5.129s] -- Found rosidl_adapter: 1.3.1 (/opt/ros/foxy/share/rosidl_adapter/cmake)
[5.973s] -- Found OpenSSL: /usr/lib/aarch64-linux-gnu/libcrypto.so (found version "1.1.1f")  
[6.230s] -- Found FastRTPS: /opt/ros/foxy/include  
[7.434s] -- Using all available rosidl_typesupport_cpp: rosidl_typesupport_fastrtps_cpp;rosidl_typesupport_introspection_cpp
[8.554s] -- Found rmw_implementation_cmake: 1.0.4 (/opt/ros/foxy/share/rmw_implementation_cmake/cmake)
[8.563s] -- Using RMW implementation 'rmw_fastrtps_cpp' as default
[8.570s] -- Looking for pthread.h
[8.956s] -- Looking for pthread.h - found
[8.960s] -- Performing Test CMAKE_HAVE_LIBC_PTHREAD
[9.486s] -- Performing Test CMAKE_HAVE_LIBC_PTHREAD - Failed
[9.490s] -- Looking for pthread_create in pthreads
[10.095s] -- Looking for pthread_create in pthreads - not found
[10.098s] -- Looking for pthread_create in pthread
[10.494s] -- Looking for pthread_create in pthread - found
[10.503s] -- Found Threads: TRUE  
[12.543s] -- Found ackermann_msgs: 2.0.2 (/opt/ros/foxy/share/ackermann_msgs/cmake)
[13.136s] CMake Error at /opt/ros/foxy/share/ament_cmake_python/cmake/ament_python_install_package.cmake:46 (message):
[13.137s]   ament_python_install_package() the Python package folder
[13.137s]   '/home/tada/Repository/f1tenth_tada/labs/lab1_ws/src/lab1_pkg/lab1_pkg'
[13.137s]   doesn't contain an '__init__.py' file
[13.138s] Call Stack (most recent call first):
[13.138s]   /opt/ros/foxy/share/ament_cmake_python/cmake/ament_python_install_package.cmake:28 (_ament_cmake_python_install_package)
[13.139s]   CMakeLists.txt:36 (ament_python_install_package)
[13.139s] 
[13.139s] 
[13.150s] -- Configuring incomplete, errors occurred!
[13.151s] See also "/home/tada/Repository/f1tenth_tada/labs/lab1_ws/build/lab1_pkg/CMakeFiles/CMakeOutput.log".
[13.151s] See also "/home/tada/Repository/f1tenth_tada/labs/lab1_ws/build/lab1_pkg/CMakeFiles/CMakeError.log".
[13.190s] Invoked command in '/home/tada/Repository/f1tenth_tada/labs/lab1_ws/build/lab1_pkg' returned '1': CMAKE_PREFIX_PATH=/opt/ros/foxy /usr/bin/cmake /home/tada/Repository/f1tenth_tada/labs/lab1_ws/src/lab1_pkg -DCMAKE_INSTALL_PREFIX=/home/tada/Repository/f1tenth_tada/labs/lab1_ws/install/lab1_pkg
