[1.676s] DEBUG:colcon:Command line arguments: ['/usr/bin/colcon', 'build', '--symlink-install']
[1.677s] DEBUG:colcon:Parsed command line arguments: Namespace(allow_overriding=[], ament_cmake_args=None, base_paths=['.'], build_base='build', catkin_cmake_args=None, catkin_skip_building_tests=False, cmake_args=None, cmake_clean_cache=False, cmake_clean_first=False, cmake_force_configure=False, cmake_target=None, cmake_target_skip_unavailable=False, continue_on_error=False, event_handlers=None, executor='parallel', ignore_user_meta=False, install_base='install', log_base=None, log_level=None, main=<bound method BuildVerb.main of <colcon_core.verb.build.BuildVerb object at 0xffffab2c09d0>>, merge_install=False, metas=['./colcon.meta'], mixin=None, mixin_files=None, mixin_verb=('build',), packages_above=None, packages_above_and_dependencies=None, packages_above_depth=None, packages_end=None, packages_ignore=None, packages_ignore_regex=None, packages_select=None, packages_select_build_failed=False, packages_select_by_dep=None, packages_select_regex=None, packages_select_test_failures=False, packages_skip=None, packages_skip_build_finished=False, packages_skip_by_dep=None, packages_skip_regex=None, packages_skip_test_passed=False, packages_skip_up_to=None, packages_start=None, packages_up_to=None, packages_up_to_regex=None, parallel_workers=6, paths=None, symlink_install=True, test_result_base=None, verb_extension=<colcon_core.verb.build.BuildVerb object at 0xffffab2c09d0>, verb_name='build', verb_parser=<colcon_mixin.mixin.mixin_argument.MixinArgumentDecorator object at 0xffffab2c0eb0>)
[3.346s] Level 1:colcon.colcon_core.package_discovery:discover_packages(colcon_meta) check parameters
[3.347s] Level 1:colcon.colcon_core.package_discovery:discover_packages(recursive) check parameters
[3.347s] Level 1:colcon.colcon_core.package_discovery:discover_packages(ignore) check parameters
[3.347s] Level 1:colcon.colcon_core.package_discovery:discover_packages(path) check parameters
[3.347s] Level 1:colcon.colcon_core.package_discovery:discover_packages(colcon_meta) discover
[3.348s] Level 1:colcon.colcon_core.package_discovery:discover_packages(recursive) discover
[3.348s] INFO:colcon.colcon_core.package_discovery:Crawling recursively for packages in '/home/dawgs_nx/dawgs_f1tenth/others/ros_tutorial/src/f1tenth_tada/labs/lab1_ws'
[3.349s] Level 1:colcon.colcon_core.package_identification:_identify(.) by extensions ['ignore', 'ignore_ament_install']
[3.349s] Level 1:colcon.colcon_core.package_identification:_identify(.) by extension 'ignore'
[3.350s] Level 1:colcon.colcon_core.package_identification:_identify(.) by extension 'ignore_ament_install'
[3.350s] Level 1:colcon.colcon_core.package_identification:_identify(.) by extensions ['colcon_pkg']
[3.350s] Level 1:colcon.colcon_core.package_identification:_identify(.) by extension 'colcon_pkg'
[3.351s] Level 1:colcon.colcon_core.package_identification:_identify(.) by extensions ['colcon_meta']
[3.351s] Level 1:colcon.colcon_core.package_identification:_identify(.) by extension 'colcon_meta'
[3.351s] Level 1:colcon.colcon_core.package_identification:_identify(.) by extensions ['ros']
[3.351s] Level 1:colcon.colcon_core.package_identification:_identify(.) by extension 'ros'
[3.421s] Level 1:colcon.colcon_core.package_identification:_identify(.) by extensions ['cmake', 'python']
[3.421s] Level 1:colcon.colcon_core.package_identification:_identify(.) by extension 'cmake'
[3.422s] Level 1:colcon.colcon_core.package_identification:_identify(.) by extension 'python'
[3.422s] Level 1:colcon.colcon_core.package_identification:_identify(.) by extensions ['python_setup_py']
[3.422s] Level 1:colcon.colcon_core.package_identification:_identify(.) by extension 'python_setup_py'
[3.423s] Level 1:colcon.colcon_core.package_identification:_identify(build) by extensions ['ignore', 'ignore_ament_install']
[3.424s] Level 1:colcon.colcon_core.package_identification:_identify(build) by extension 'ignore'
[3.424s] Level 1:colcon.colcon_core.package_identification:_identify(build) ignored
[3.425s] Level 1:colcon.colcon_core.package_identification:_identify(install) by extensions ['ignore', 'ignore_ament_install']
[3.425s] Level 1:colcon.colcon_core.package_identification:_identify(install) by extension 'ignore'
[3.426s] Level 1:colcon.colcon_core.package_identification:_identify(install) ignored
[3.426s] Level 1:colcon.colcon_core.package_identification:_identify(log) by extensions ['ignore', 'ignore_ament_install']
[3.427s] Level 1:colcon.colcon_core.package_identification:_identify(log) by extension 'ignore'
[3.427s] Level 1:colcon.colcon_core.package_identification:_identify(log) ignored
[3.428s] Level 1:colcon.colcon_core.package_identification:_identify(src) by extensions ['ignore', 'ignore_ament_install']
[3.428s] Level 1:colcon.colcon_core.package_identification:_identify(src) by extension 'ignore'
[3.429s] Level 1:colcon.colcon_core.package_identification:_identify(src) by extension 'ignore_ament_install'
[3.429s] Level 1:colcon.colcon_core.package_identification:_identify(src) by extensions ['colcon_pkg']
[3.429s] Level 1:colcon.colcon_core.package_identification:_identify(src) by extension 'colcon_pkg'
[3.430s] Level 1:colcon.colcon_core.package_identification:_identify(src) by extensions ['colcon_meta']
[3.430s] Level 1:colcon.colcon_core.package_identification:_identify(src) by extension 'colcon_meta'
[3.430s] Level 1:colcon.colcon_core.package_identification:_identify(src) by extensions ['ros']
[3.430s] Level 1:colcon.colcon_core.package_identification:_identify(src) by extension 'ros'
[3.431s] Level 1:colcon.colcon_core.package_identification:_identify(src) by extensions ['cmake', 'python']
[3.432s] Level 1:colcon.colcon_core.package_identification:_identify(src) by extension 'cmake'
[3.432s] Level 1:colcon.colcon_core.package_identification:_identify(src) by extension 'python'
[3.432s] Level 1:colcon.colcon_core.package_identification:_identify(src) by extensions ['python_setup_py']
[3.433s] Level 1:colcon.colcon_core.package_identification:_identify(src) by extension 'python_setup_py'
[3.433s] Level 1:colcon.colcon_core.package_identification:_identify(src/lab1_pkg) by extensions ['ignore', 'ignore_ament_install']
[3.434s] Level 1:colcon.colcon_core.package_identification:_identify(src/lab1_pkg) by extension 'ignore'
[3.434s] Level 1:colcon.colcon_core.package_identification:_identify(src/lab1_pkg) by extension 'ignore_ament_install'
[3.435s] Level 1:colcon.colcon_core.package_identification:_identify(src/lab1_pkg) by extensions ['colcon_pkg']
[3.435s] Level 1:colcon.colcon_core.package_identification:_identify(src/lab1_pkg) by extension 'colcon_pkg'
[3.435s] Level 1:colcon.colcon_core.package_identification:_identify(src/lab1_pkg) by extensions ['colcon_meta']
[3.435s] Level 1:colcon.colcon_core.package_identification:_identify(src/lab1_pkg) by extension 'colcon_meta'
[3.436s] Level 1:colcon.colcon_core.package_identification:_identify(src/lab1_pkg) by extensions ['ros']
[3.436s] Level 1:colcon.colcon_core.package_identification:_identify(src/lab1_pkg) by extension 'ros'
[3.454s] DEBUG:colcon.colcon_core.package_identification:Package 'src/lab1_pkg' with type 'ros.ament_cmake' and name 'lab1_pkg'
[3.454s] Level 1:colcon.colcon_core.package_discovery:discover_packages(recursive) using defaults
[3.454s] Level 1:colcon.colcon_core.package_discovery:discover_packages(ignore) discover
[3.455s] Level 1:colcon.colcon_core.package_discovery:discover_packages(ignore) using defaults
[3.455s] Level 1:colcon.colcon_core.package_discovery:discover_packages(path) discover
[3.455s] Level 1:colcon.colcon_core.package_discovery:discover_packages(path) using defaults
[3.583s] Level 1:colcon.colcon_core.package_discovery:discover_packages(prefix_path) check parameters
[3.583s] Level 1:colcon.colcon_core.package_discovery:discover_packages(prefix_path) discover
[3.606s] DEBUG:colcon.colcon_installed_package_information.package_discovery:Found 395 installed packages in /opt/ros/foxy
[3.629s] Level 1:colcon.colcon_core.package_discovery:discover_packages(prefix_path) using defaults
[4.191s] Level 5:colcon.colcon_core.verb:set package 'lab1_pkg' build argument 'cmake_args' from command line to 'None'
[4.192s] Level 5:colcon.colcon_core.verb:set package 'lab1_pkg' build argument 'cmake_target' from command line to 'None'
[4.192s] Level 5:colcon.colcon_core.verb:set package 'lab1_pkg' build argument 'cmake_target_skip_unavailable' from command line to 'False'
[4.192s] Level 5:colcon.colcon_core.verb:set package 'lab1_pkg' build argument 'cmake_clean_cache' from command line to 'False'
[4.192s] Level 5:colcon.colcon_core.verb:set package 'lab1_pkg' build argument 'cmake_clean_first' from command line to 'False'
[4.193s] Level 5:colcon.colcon_core.verb:set package 'lab1_pkg' build argument 'cmake_force_configure' from command line to 'False'
[4.193s] Level 5:colcon.colcon_core.verb:set package 'lab1_pkg' build argument 'ament_cmake_args' from command line to 'None'
[4.193s] Level 5:colcon.colcon_core.verb:set package 'lab1_pkg' build argument 'catkin_cmake_args' from command line to 'None'
[4.193s] Level 5:colcon.colcon_core.verb:set package 'lab1_pkg' build argument 'catkin_skip_building_tests' from command line to 'False'
[4.193s] DEBUG:colcon.colcon_core.verb:Building package 'lab1_pkg' with the following arguments: {'ament_cmake_args': None, 'build_base': '/home/dawgs_nx/dawgs_f1tenth/others/ros_tutorial/src/f1tenth_tada/labs/lab1_ws/build/lab1_pkg', 'catkin_cmake_args': None, 'catkin_skip_building_tests': False, 'cmake_args': None, 'cmake_clean_cache': False, 'cmake_clean_first': False, 'cmake_force_configure': False, 'cmake_target': None, 'cmake_target_skip_unavailable': False, 'install_base': '/home/dawgs_nx/dawgs_f1tenth/others/ros_tutorial/src/f1tenth_tada/labs/lab1_ws/install/lab1_pkg', 'merge_install': False, 'path': '/home/dawgs_nx/dawgs_f1tenth/others/ros_tutorial/src/f1tenth_tada/labs/lab1_ws/src/lab1_pkg', 'symlink_install': True, 'test_result_base': None}
[4.194s] INFO:colcon.colcon_core.executor:Executing jobs using 'parallel' executor
[4.200s] DEBUG:colcon.colcon_parallel_executor.executor.parallel:run_until_complete
[4.202s] INFO:colcon.colcon_ros.task.ament_cmake.build:Building ROS package in '/home/dawgs_nx/dawgs_f1tenth/others/ros_tutorial/src/f1tenth_tada/labs/lab1_ws/src/lab1_pkg' with build type 'ament_cmake'
[4.202s] INFO:colcon.colcon_cmake.task.cmake.build:Building CMake package in '/home/dawgs_nx/dawgs_f1tenth/others/ros_tutorial/src/f1tenth_tada/labs/lab1_ws/src/lab1_pkg'
[4.230s] INFO:colcon.colcon_core.plugin_system:Skipping extension 'colcon_core.shell.bat': Not used on non-Windows systems
[4.232s] INFO:colcon.colcon_core.shell:Skip shell extension 'powershell' for command environment: Not usable outside of PowerShell
[4.235s] DEBUG:colcon.colcon_core.shell:Skip shell extension 'dsv' for command environment
[4.335s] DEBUG:colcon.colcon_core.event_handler.log_command:Invoking command in '/home/dawgs_nx/dawgs_f1tenth/others/ros_tutorial/src/f1tenth_tada/labs/lab1_ws/build/lab1_pkg': CMAKE_PREFIX_PATH=/opt/ros/foxy /usr/bin/cmake /home/dawgs_nx/dawgs_f1tenth/others/ros_tutorial/src/f1tenth_tada/labs/lab1_ws/src/lab1_pkg -DAMENT_CMAKE_SYMLINK_INSTALL=1 -DCMAKE_INSTALL_PREFIX=/home/dawgs_nx/dawgs_f1tenth/others/ros_tutorial/src/f1tenth_tada/labs/lab1_ws/install/lab1_pkg
[18.885s] DEBUG:colcon.colcon_core.event_handler.log_command:Invoked command in '/home/dawgs_nx/dawgs_f1tenth/others/ros_tutorial/src/f1tenth_tada/labs/lab1_ws/build/lab1_pkg' returned '0': CMAKE_PREFIX_PATH=/opt/ros/foxy /usr/bin/cmake /home/dawgs_nx/dawgs_f1tenth/others/ros_tutorial/src/f1tenth_tada/labs/lab1_ws/src/lab1_pkg -DAMENT_CMAKE_SYMLINK_INSTALL=1 -DCMAKE_INSTALL_PREFIX=/home/dawgs_nx/dawgs_f1tenth/others/ros_tutorial/src/f1tenth_tada/labs/lab1_ws/install/lab1_pkg
[18.912s] DEBUG:colcon.colcon_core.event_handler.log_command:Invoking command in '/home/dawgs_nx/dawgs_f1tenth/others/ros_tutorial/src/f1tenth_tada/labs/lab1_ws/build/lab1_pkg': CMAKE_PREFIX_PATH=/opt/ros/foxy /usr/bin/cmake --build /home/dawgs_nx/dawgs_f1tenth/others/ros_tutorial/src/f1tenth_tada/labs/lab1_ws/build/lab1_pkg -- -j6 -l6
[39.770s] DEBUG:colcon.colcon_core.event_handler.log_command:Invoked command in '/home/dawgs_nx/dawgs_f1tenth/others/ros_tutorial/src/f1tenth_tada/labs/lab1_ws/build/lab1_pkg' returned '0': CMAKE_PREFIX_PATH=/opt/ros/foxy /usr/bin/cmake --build /home/dawgs_nx/dawgs_f1tenth/others/ros_tutorial/src/f1tenth_tada/labs/lab1_ws/build/lab1_pkg -- -j6 -l6
[39.858s] DEBUG:colcon.colcon_core.event_handler.log_command:Invoking command in '/home/dawgs_nx/dawgs_f1tenth/others/ros_tutorial/src/f1tenth_tada/labs/lab1_ws/build/lab1_pkg': CMAKE_PREFIX_PATH=/opt/ros/foxy /usr/bin/cmake --install /home/dawgs_nx/dawgs_f1tenth/others/ros_tutorial/src/f1tenth_tada/labs/lab1_ws/build/lab1_pkg
[41.448s] Level 1:colcon.colcon_core.environment:create_environment_scripts_only(lab1_pkg)
[41.455s] DEBUG:colcon.colcon_core.event_handler.log_command:Invoked command in '/home/dawgs_nx/dawgs_f1tenth/others/ros_tutorial/src/f1tenth_tada/labs/lab1_ws/build/lab1_pkg' returned '0': CMAKE_PREFIX_PATH=/opt/ros/foxy /usr/bin/cmake --install /home/dawgs_nx/dawgs_f1tenth/others/ros_tutorial/src/f1tenth_tada/labs/lab1_ws/build/lab1_pkg
[41.473s] Level 1:colcon.colcon_core.environment:checking '/home/dawgs_nx/dawgs_f1tenth/others/ros_tutorial/src/f1tenth_tada/labs/lab1_ws/install/lab1_pkg' for CMake module files
[41.477s] Level 1:colcon.colcon_core.environment:checking '/home/dawgs_nx/dawgs_f1tenth/others/ros_tutorial/src/f1tenth_tada/labs/lab1_ws/install/lab1_pkg' for CMake config files
[41.480s] Level 1:colcon.colcon_core.shell:create_environment_hook('lab1_pkg', 'cmake_prefix_path')
[41.482s] INFO:colcon.colcon_core.shell:Creating environment hook '/home/dawgs_nx/dawgs_f1tenth/others/ros_tutorial/src/f1tenth_tada/labs/lab1_ws/install/lab1_pkg/share/lab1_pkg/hook/cmake_prefix_path.ps1'
[41.487s] INFO:colcon.colcon_core.shell:Creating environment descriptor '/home/dawgs_nx/dawgs_f1tenth/others/ros_tutorial/src/f1tenth_tada/labs/lab1_ws/install/lab1_pkg/share/lab1_pkg/hook/cmake_prefix_path.dsv'
[41.490s] INFO:colcon.colcon_core.shell:Creating environment hook '/home/dawgs_nx/dawgs_f1tenth/others/ros_tutorial/src/f1tenth_tada/labs/lab1_ws/install/lab1_pkg/share/lab1_pkg/hook/cmake_prefix_path.sh'
[41.496s] Level 1:colcon.colcon_core.environment:checking '/home/dawgs_nx/dawgs_f1tenth/others/ros_tutorial/src/f1tenth_tada/labs/lab1_ws/install/lab1_pkg/lib'
[41.497s] Level 1:colcon.colcon_core.environment:checking '/home/dawgs_nx/dawgs_f1tenth/others/ros_tutorial/src/f1tenth_tada/labs/lab1_ws/install/lab1_pkg/bin'
[41.498s] Level 1:colcon.colcon_core.environment:checking '/home/dawgs_nx/dawgs_f1tenth/others/ros_tutorial/src/f1tenth_tada/labs/lab1_ws/install/lab1_pkg/lib/pkgconfig/lab1_pkg.pc'
[41.499s] Level 1:colcon.colcon_core.environment:checking '/home/dawgs_nx/dawgs_f1tenth/others/ros_tutorial/src/f1tenth_tada/labs/lab1_ws/install/lab1_pkg/lib/python3.8/site-packages'
[41.500s] Level 1:colcon.colcon_core.shell:create_environment_hook('lab1_pkg', 'pythonpath')
[41.502s] INFO:colcon.colcon_core.shell:Creating environment hook '/home/dawgs_nx/dawgs_f1tenth/others/ros_tutorial/src/f1tenth_tada/labs/lab1_ws/install/lab1_pkg/share/lab1_pkg/hook/pythonpath.ps1'
[41.506s] INFO:colcon.colcon_core.shell:Creating environment descriptor '/home/dawgs_nx/dawgs_f1tenth/others/ros_tutorial/src/f1tenth_tada/labs/lab1_ws/install/lab1_pkg/share/lab1_pkg/hook/pythonpath.dsv'
[41.511s] INFO:colcon.colcon_core.shell:Creating environment hook '/home/dawgs_nx/dawgs_f1tenth/others/ros_tutorial/src/f1tenth_tada/labs/lab1_ws/install/lab1_pkg/share/lab1_pkg/hook/pythonpath.sh'
[41.514s] Level 1:colcon.colcon_core.environment:checking '/home/dawgs_nx/dawgs_f1tenth/others/ros_tutorial/src/f1tenth_tada/labs/lab1_ws/install/lab1_pkg/bin'
[41.516s] INFO:colcon.colcon_core.shell:Creating package script '/home/dawgs_nx/dawgs_f1tenth/others/ros_tutorial/src/f1tenth_tada/labs/lab1_ws/install/lab1_pkg/share/lab1_pkg/package.ps1'
[41.526s] INFO:colcon.colcon_core.shell:Creating package descriptor '/home/dawgs_nx/dawgs_f1tenth/others/ros_tutorial/src/f1tenth_tada/labs/lab1_ws/install/lab1_pkg/share/lab1_pkg/package.dsv'
[41.529s] INFO:colcon.colcon_core.shell:Creating package script '/home/dawgs_nx/dawgs_f1tenth/others/ros_tutorial/src/f1tenth_tada/labs/lab1_ws/install/lab1_pkg/share/lab1_pkg/package.sh'
[41.534s] INFO:colcon.colcon_core.shell:Creating package script '/home/dawgs_nx/dawgs_f1tenth/others/ros_tutorial/src/f1tenth_tada/labs/lab1_ws/install/lab1_pkg/share/lab1_pkg/package.bash'
[41.539s] INFO:colcon.colcon_core.shell:Creating package script '/home/dawgs_nx/dawgs_f1tenth/others/ros_tutorial/src/f1tenth_tada/labs/lab1_ws/install/lab1_pkg/share/lab1_pkg/package.zsh'
[41.544s] Level 1:colcon.colcon_core.environment:create_file_with_runtime_dependencies(/home/dawgs_nx/dawgs_f1tenth/others/ros_tutorial/src/f1tenth_tada/labs/lab1_ws/install/lab1_pkg/share/colcon-core/packages/lab1_pkg)
[41.551s] Level 1:colcon.colcon_core.environment:create_environment_scripts_only(lab1_pkg)
[41.552s] Level 1:colcon.colcon_core.environment:checking '/home/dawgs_nx/dawgs_f1tenth/others/ros_tutorial/src/f1tenth_tada/labs/lab1_ws/install/lab1_pkg' for CMake module files
[41.558s] Level 1:colcon.colcon_core.environment:checking '/home/dawgs_nx/dawgs_f1tenth/others/ros_tutorial/src/f1tenth_tada/labs/lab1_ws/install/lab1_pkg' for CMake config files
[41.562s] Level 1:colcon.colcon_core.shell:create_environment_hook('lab1_pkg', 'cmake_prefix_path')
[41.563s] INFO:colcon.colcon_core.shell:Creating environment hook '/home/dawgs_nx/dawgs_f1tenth/others/ros_tutorial/src/f1tenth_tada/labs/lab1_ws/install/lab1_pkg/share/lab1_pkg/hook/cmake_prefix_path.ps1'
[41.566s] INFO:colcon.colcon_core.shell:Creating environment descriptor '/home/dawgs_nx/dawgs_f1tenth/others/ros_tutorial/src/f1tenth_tada/labs/lab1_ws/install/lab1_pkg/share/lab1_pkg/hook/cmake_prefix_path.dsv'
[41.568s] INFO:colcon.colcon_core.shell:Creating environment hook '/home/dawgs_nx/dawgs_f1tenth/others/ros_tutorial/src/f1tenth_tada/labs/lab1_ws/install/lab1_pkg/share/lab1_pkg/hook/cmake_prefix_path.sh'
[41.571s] Level 1:colcon.colcon_core.environment:checking '/home/dawgs_nx/dawgs_f1tenth/others/ros_tutorial/src/f1tenth_tada/labs/lab1_ws/install/lab1_pkg/lib'
[41.572s] Level 1:colcon.colcon_core.environment:checking '/home/dawgs_nx/dawgs_f1tenth/others/ros_tutorial/src/f1tenth_tada/labs/lab1_ws/install/lab1_pkg/bin'
[41.572s] Level 1:colcon.colcon_core.environment:checking '/home/dawgs_nx/dawgs_f1tenth/others/ros_tutorial/src/f1tenth_tada/labs/lab1_ws/install/lab1_pkg/lib/pkgconfig/lab1_pkg.pc'
[41.573s] Level 1:colcon.colcon_core.environment:checking '/home/dawgs_nx/dawgs_f1tenth/others/ros_tutorial/src/f1tenth_tada/labs/lab1_ws/install/lab1_pkg/lib/python3.8/site-packages'
[41.573s] Level 1:colcon.colcon_core.shell:create_environment_hook('lab1_pkg', 'pythonpath')
[41.575s] INFO:colcon.colcon_core.shell:Creating environment hook '/home/dawgs_nx/dawgs_f1tenth/others/ros_tutorial/src/f1tenth_tada/labs/lab1_ws/install/lab1_pkg/share/lab1_pkg/hook/pythonpath.ps1'
[41.577s] INFO:colcon.colcon_core.shell:Creating environment descriptor '/home/dawgs_nx/dawgs_f1tenth/others/ros_tutorial/src/f1tenth_tada/labs/lab1_ws/install/lab1_pkg/share/lab1_pkg/hook/pythonpath.dsv'
[41.579s] INFO:colcon.colcon_core.shell:Creating environment hook '/home/dawgs_nx/dawgs_f1tenth/others/ros_tutorial/src/f1tenth_tada/labs/lab1_ws/install/lab1_pkg/share/lab1_pkg/hook/pythonpath.sh'
[41.582s] Level 1:colcon.colcon_core.environment:checking '/home/dawgs_nx/dawgs_f1tenth/others/ros_tutorial/src/f1tenth_tada/labs/lab1_ws/install/lab1_pkg/bin'
[41.584s] INFO:colcon.colcon_core.shell:Creating package script '/home/dawgs_nx/dawgs_f1tenth/others/ros_tutorial/src/f1tenth_tada/labs/lab1_ws/install/lab1_pkg/share/lab1_pkg/package.ps1'
[41.587s] INFO:colcon.colcon_core.shell:Creating package descriptor '/home/dawgs_nx/dawgs_f1tenth/others/ros_tutorial/src/f1tenth_tada/labs/lab1_ws/install/lab1_pkg/share/lab1_pkg/package.dsv'
[41.590s] INFO:colcon.colcon_core.shell:Creating package script '/home/dawgs_nx/dawgs_f1tenth/others/ros_tutorial/src/f1tenth_tada/labs/lab1_ws/install/lab1_pkg/share/lab1_pkg/package.sh'
[41.592s] INFO:colcon.colcon_core.shell:Creating package script '/home/dawgs_nx/dawgs_f1tenth/others/ros_tutorial/src/f1tenth_tada/labs/lab1_ws/install/lab1_pkg/share/lab1_pkg/package.bash'
[41.595s] INFO:colcon.colcon_core.shell:Creating package script '/home/dawgs_nx/dawgs_f1tenth/others/ros_tutorial/src/f1tenth_tada/labs/lab1_ws/install/lab1_pkg/share/lab1_pkg/package.zsh'
[41.598s] Level 1:colcon.colcon_core.environment:create_file_with_runtime_dependencies(/home/dawgs_nx/dawgs_f1tenth/others/ros_tutorial/src/f1tenth_tada/labs/lab1_ws/install/lab1_pkg/share/colcon-core/packages/lab1_pkg)
[41.603s] DEBUG:colcon.colcon_parallel_executor.executor.parallel:closing loop
[41.606s] DEBUG:colcon.colcon_parallel_executor.executor.parallel:loop closed
[41.608s] DEBUG:colcon.colcon_parallel_executor.executor.parallel:run_until_complete finished with '0'
[41.610s] DEBUG:colcon.colcon_core.event_reactor:joining thread
[41.640s] INFO:colcon.colcon_core.plugin_system:Skipping extension 'colcon_notification.desktop_notification.terminal_notifier': Not used on non-Darwin systems
[41.641s] INFO:colcon.colcon_core.plugin_system:Skipping extension 'colcon_notification.desktop_notification.win32': Not used on non-Windows systems
[41.641s] INFO:colcon.colcon_notification.desktop_notification:Sending desktop notification using 'notify2'
[41.785s] DEBUG:colcon.colcon_core.event_reactor:joined thread
[41.787s] INFO:colcon.colcon_core.shell:Creating prefix script '/home/dawgs_nx/dawgs_f1tenth/others/ros_tutorial/src/f1tenth_tada/labs/lab1_ws/install/local_setup.ps1'
[41.793s] INFO:colcon.colcon_core.shell:Creating prefix util module '/home/dawgs_nx/dawgs_f1tenth/others/ros_tutorial/src/f1tenth_tada/labs/lab1_ws/install/_local_setup_util_ps1.py'
[41.800s] INFO:colcon.colcon_core.shell:Creating prefix chain script '/home/dawgs_nx/dawgs_f1tenth/others/ros_tutorial/src/f1tenth_tada/labs/lab1_ws/install/setup.ps1'
[41.805s] INFO:colcon.colcon_core.shell:Creating prefix script '/home/dawgs_nx/dawgs_f1tenth/others/ros_tutorial/src/f1tenth_tada/labs/lab1_ws/install/local_setup.sh'
[41.808s] INFO:colcon.colcon_core.shell:Creating prefix util module '/home/dawgs_nx/dawgs_f1tenth/others/ros_tutorial/src/f1tenth_tada/labs/lab1_ws/install/_local_setup_util_sh.py'
[41.812s] INFO:colcon.colcon_core.shell:Creating prefix chain script '/home/dawgs_nx/dawgs_f1tenth/others/ros_tutorial/src/f1tenth_tada/labs/lab1_ws/install/setup.sh'
[41.817s] INFO:colcon.colcon_core.shell:Creating prefix script '/home/dawgs_nx/dawgs_f1tenth/others/ros_tutorial/src/f1tenth_tada/labs/lab1_ws/install/local_setup.bash'
[41.820s] INFO:colcon.colcon_core.shell:Creating prefix chain script '/home/dawgs_nx/dawgs_f1tenth/others/ros_tutorial/src/f1tenth_tada/labs/lab1_ws/install/setup.bash'
[41.828s] INFO:colcon.colcon_core.shell:Creating prefix script '/home/dawgs_nx/dawgs_f1tenth/others/ros_tutorial/src/f1tenth_tada/labs/lab1_ws/install/local_setup.zsh'
[41.831s] INFO:colcon.colcon_core.shell:Creating prefix chain script '/home/dawgs_nx/dawgs_f1tenth/others/ros_tutorial/src/f1tenth_tada/labs/lab1_ws/install/setup.zsh'
